<?xml version="1.0" encoding="UTF-8"?>
<coverage generated="1782819736699" clover="3.2.0">
  <project timestamp="1782819736699" name="All files">
    <metrics statements="209" coveredstatements="198" conditionals="51" coveredconditionals="39" methods="37" coveredmethods="34" elements="297" coveredelements="271" complexity="0" loc="209" ncloc="209" packages="12" files="24" classes="24"/>
    <package name="generated.prisma.client">
      <metrics statements="3" coveredstatements="3" conditionals="0" coveredconditionals="0" methods="0" coveredmethods="0"/>
      <file name="client.ts" path="C:\Users\ossam\Desktop\ToDoList_Nadifi\generated\prisma\client\client.ts">
        <metrics statements="2" coveredstatements="2" conditionals="0" coveredconditionals="0" methods="0" coveredmethods="0"/>
        <line num="16" count="3" type="stmt"/>
        <line num="40" count="3" type="stmt"/>
      </file>
      <file name="enums.ts" path="C:\Users\ossam\Desktop\ToDoList_Nadifi\generated\prisma\client\enums.ts">
        <metrics statements="1" coveredstatements="1" conditionals="0" coveredconditionals="0" methods="0" coveredmethods="0"/>
        <line num="12" count="3" type="stmt"/>
      </file>
    </package>
    <package name="generated.prisma.client.internal">
      <metrics statements="35" coveredstatements="35" conditionals="0" coveredconditionals="0" methods="4" coveredmethods="4"/>
      <file name="class.ts" path="C:\Users\ossam\Desktop\ToDoList_Nadifi\generated\prisma\client\internal\class.ts">
        <metrics statements="11" coveredstatements="11" conditionals="0" coveredconditionals="0" methods="4" coveredmethods="4"/>
        <line num="18" count="3" type="stmt"/>
        <line num="35" count="3" type="stmt"/>
        <line num="36" count="3" type="stmt"/>
        <line num="42" count="3" type="stmt"/>
        <line num="43" count="3" type="stmt"/>
        <line num="44" count="3" type="stmt"/>
        <line num="47" count="3" type="stmt"/>
        <line num="48" count="3" type="stmt"/>
        <line num="51" count="3" type="stmt"/>
        <line num="52" count="3" type="stmt"/>
        <line num="213" count="3" type="stmt"/>
      </file>
      <file name="prismaNamespace.ts" path="C:\Users\ossam\Desktop\ToDoList_Nadifi\generated\prisma\client\internal\prismaNamespace.ts">
        <metrics statements="24" coveredstatements="24" conditionals="0" coveredconditionals="0" methods="0" coveredmethods="0"/>
        <line num="32" count="3" type="stmt"/>
        <line num="35" count="3" type="stmt"/>
        <line num="38" count="3" type="stmt"/>
        <line num="41" count="3" type="stmt"/>
        <line num="44" count="3" type="stmt"/>
        <line num="50" count="3" type="stmt"/>
        <line num="51" count="3" type="stmt"/>
        <line num="52" count="3" type="stmt"/>
        <line num="53" count="3" type="stmt"/>
        <line num="54" count="3" type="stmt"/>
        <line num="62" count="3" type="stmt"/>
        <line num="71" count="3" type="stmt"/>
        <line num="86" count="3" type="stmt"/>
        <line num="104" count="3" type="stmt"/>
        <line num="114" count="3" type="stmt"/>
        <line num="121" count="3" type="stmt"/>
        <line num="128" count="3" type="stmt"/>
        <line num="386" count="3" type="stmt"/>
        <line num="585" count="3" type="stmt"/>
        <line num="595" count="3" type="stmt"/>
        <line num="605" count="3" type="stmt"/>
        <line num="617" count="3" type="stmt"/>
        <line num="625" count="3" type="stmt"/>
        <line num="701" count="3" type="stmt"/>
      </file>
    </package>
    <package name="src">
      <metrics statements="10" coveredstatements="10" conditionals="0" coveredconditionals="0" methods="0" coveredmethods="0"/>
      <file name="app.ts" path="C:\Users\ossam\Desktop\ToDoList_Nadifi\src\app.ts">
        <metrics statements="10" coveredstatements="10" conditionals="0" coveredconditionals="0" methods="0" coveredmethods="0"/>
        <line num="7" count="3" type="stmt"/>
        <line num="9" count="3" type="stmt"/>
        <line num="18" count="3" type="stmt"/>
        <line num="21" count="3" type="stmt"/>
        <line num="22" count="3" type="stmt"/>
        <line num="23" count="3" type="stmt"/>
        <line num="26" count="3" type="stmt"/>
        <line num="27" count="3" type="stmt"/>
        <line num="28" count="3" type="stmt"/>
        <line num="30" count="3" type="stmt"/>
      </file>
    </package>
    <package name="src.auth">
      <metrics statements="5" coveredstatements="5" conditionals="0" coveredconditionals="0" methods="1" coveredmethods="1"/>
      <file name="generateToken.ts" path="C:\Users\ossam\Desktop\ToDoList_Nadifi\src\auth\generateToken.ts">
        <metrics statements="5" coveredstatements="5" conditionals="0" coveredconditionals="0" methods="1" coveredmethods="1"/>
        <line num="6" count="3" type="stmt"/>
        <line num="7" count="1" type="stmt"/>
        <line num="8" count="1" type="stmt"/>
        <line num="12" count="1" type="stmt"/>
        <line num="18" count="1" type="stmt"/>
      </file>
    </package>
    <package name="src.controllers">
      <metrics statements="35" coveredstatements="32" conditionals="6" coveredconditionals="2" methods="8" coveredmethods="8"/>
      <file name="authController.ts" path="C:\Users\ossam\Desktop\ToDoList_Nadifi\src\controllers\authController.ts">
        <metrics statements="9" coveredstatements="9" conditionals="0" coveredconditionals="0" methods="2" coveredmethods="2"/>
        <line num="9" count="3" type="stmt"/>
        <line num="10" count="2" type="stmt"/>
        <line num="11" count="2" type="stmt"/>
        <line num="13" count="1" type="stmt"/>
        <line num="27" count="3" type="stmt"/>
        <line num="28" count="2" type="stmt"/>
        <line num="29" count="2" type="stmt"/>
        <line num="30" count="1" type="stmt"/>
        <line num="32" count="1" type="stmt"/>
      </file>
      <file name="taskController.ts" path="C:\Users\ossam\Desktop\ToDoList_Nadifi\src\controllers\taskController.ts">
        <metrics statements="23" coveredstatements="20" conditionals="6" coveredconditionals="2" methods="5" coveredmethods="5"/>
        <line num="9" count="3" type="stmt"/>
        <line num="11" count="2" type="stmt"/>
        <line num="12" count="2" type="stmt"/>
        <line num="14" count="2" type="cond" truecount="2" falsecount="4"/>
        <line num="15" count="0" type="stmt"/>
        <line num="16" count="0" type="stmt"/>
        <line num="17" count="0" type="stmt"/>
        <line num="19" count="2" type="stmt"/>
        <line num="22" count="2" type="stmt"/>
        <line num="31" count="3" type="stmt"/>
        <line num="32" count="1" type="stmt"/>
        <line num="33" count="1" type="stmt"/>
        <line num="35" count="1" type="stmt"/>
        <line num="44" count="3" type="stmt"/>
        <line num="45" count="3" type="stmt"/>
        <line num="46" count="1" type="stmt"/>
        <line num="55" count="3" type="stmt"/>
        <line num="56" count="3" type="stmt"/>
        <line num="57" count="3" type="stmt"/>
        <line num="59" count="1" type="stmt"/>
        <line num="69" count="3" type="stmt"/>
        <line num="70" count="3" type="stmt"/>
        <line num="72" count="1" type="stmt"/>
      </file>
      <file name="userController.ts" path="C:\Users\ossam\Desktop\ToDoList_Nadifi\src\controllers\userController.ts">
        <metrics statements="3" coveredstatements="3" conditionals="0" coveredconditionals="0" methods="1" coveredmethods="1"/>
        <line num="7" count="3" type="stmt"/>
        <line num="8" count="1" type="stmt"/>
        <line num="10" count="1" type="stmt"/>
      </file>
    </package>
    <package name="src.db">
      <metrics statements="11" coveredstatements="8" conditionals="0" coveredconditionals="0" methods="2" coveredmethods="1"/>
      <file name="db.ts" path="C:\Users\ossam\Desktop\ToDoList_Nadifi\src\db\db.ts">
        <metrics statements="11" coveredstatements="8" conditionals="0" coveredconditionals="0" methods="2" coveredmethods="1"/>
        <line num="6" count="3" type="stmt"/>
        <line num="8" count="3" type="stmt"/>
        <line num="9" count="3" type="stmt"/>
        <line num="13" count="3" type="stmt"/>
        <line num="14" count="3" type="stmt"/>
        <line num="15" count="3" type="stmt"/>
        <line num="16" count="3" type="stmt"/>
        <line num="18" count="0" type="stmt"/>
        <line num="19" count="0" type="stmt"/>
        <line num="23" count="3" type="stmt"/>
        <line num="24" count="0" type="stmt"/>
      </file>
    </package>
    <package name="src.middleware">
      <metrics statements="30" coveredstatements="27" conditionals="18" coveredconditionals="14" methods="5" coveredmethods="5"/>
      <file name="authMiddleware.ts" path="C:\Users\ossam\Desktop\ToDoList_Nadifi\src\middleware\authMiddleware.ts">
        <metrics statements="16" coveredstatements="13" conditionals="10" coveredconditionals="8" methods="1" coveredmethods="1"/>
        <line num="8" count="3" type="stmt"/>
        <line num="10" count="21" type="cond" truecount="4" falsecount="0"/>
        <line num="11" count="16" type="stmt"/>
        <line num="13" count="5" type="cond" truecount="1" falsecount="1"/>
        <line num="14" count="0" type="stmt"/>
        <line num="15" count="0" type="stmt"/>
        <line num="18" count="21" type="cond" truecount="2" falsecount="0"/>
        <line num="19" count="5" type="stmt"/>
        <line num="22" count="16" type="stmt"/>
        <line num="23" count="16" type="stmt"/>
        <line num="25" count="16" type="stmt"/>
        <line num="29" count="15" type="cond" truecount="1" falsecount="1"/>
        <line num="30" count="0" type="stmt"/>
        <line num="33" count="15" type="stmt"/>
        <line num="34" count="15" type="stmt"/>
        <line num="37" count="1" type="stmt"/>
      </file>
      <file name="errorMiddleware.ts" path="C:\Users\ossam\Desktop\ToDoList_Nadifi\src\middleware\errorMiddleware.ts">
        <metrics statements="3" coveredstatements="3" conditionals="4" coveredconditionals="2" methods="1" coveredmethods="1"/>
        <line num="4" count="3" type="stmt"/>
        <line num="5" count="14" type="cond" truecount="1" falsecount="1"/>
        <line num="7" count="14" type="stmt"/>
      </file>
      <file name="validateRequest.ts" path="C:\Users\ossam\Desktop\ToDoList_Nadifi\src\middleware\validateRequest.ts">
        <metrics statements="11" coveredstatements="11" conditionals="4" coveredconditionals="4" methods="3" coveredmethods="3"/>
        <line num="5" count="3" type="stmt"/>
        <line num="6" count="9" type="stmt"/>
        <line num="7" count="9" type="stmt"/>
        <line num="9" count="9" type="cond" truecount="2" falsecount="0"/>
        <line num="10" count="4" type="stmt"/>
        <line num="12" count="4" type="stmt"/>
        <line num="13" count="8" type="cond" truecount="2" falsecount="0"/>
        <line num="15" count="4" type="stmt"/>
        <line num="17" count="4" type="stmt"/>
        <line num="20" count="5" type="stmt"/>
        <line num="21" count="5" type="stmt"/>
      </file>
    </package>
    <package name="src.routes">
      <metrics statements="13" coveredstatements="13" conditionals="0" coveredconditionals="0" methods="0" coveredmethods="0"/>
      <file name="authRoutes.ts" path="C:\Users\ossam\Desktop\ToDoList_Nadifi\src\routes\authRoutes.ts">
        <metrics statements="3" coveredstatements="3" conditionals="0" coveredconditionals="0" methods="0" coveredmethods="0"/>
        <line num="6" count="3" type="stmt"/>
        <line num="44" count="3" type="stmt"/>
        <line num="86" count="3" type="stmt"/>
      </file>
      <file name="taskRoutes.ts" path="C:\Users\ossam\Desktop\ToDoList_Nadifi\src\routes\taskRoutes.ts">
        <metrics statements="7" coveredstatements="7" conditionals="0" coveredconditionals="0" methods="0" coveredmethods="0"/>
        <line num="7" count="3" type="stmt"/>
        <line num="8" count="3" type="stmt"/>
        <line num="31" count="3" type="stmt"/>
        <line num="77" count="3" type="stmt"/>
        <line num="113" count="3" type="stmt"/>
        <line num="157" count="3" type="stmt"/>
        <line num="188" count="3" type="stmt"/>
      </file>
      <file name="userRoutes.ts" path="C:\Users\ossam\Desktop\ToDoList_Nadifi\src\routes\userRoutes.ts">
        <metrics statements="3" coveredstatements="3" conditionals="0" coveredconditionals="0" methods="0" coveredmethods="0"/>
        <line num="5" count="3" type="stmt"/>
        <line num="6" count="3" type="stmt"/>
        <line num="28" count="3" type="stmt"/>
      </file>
    </package>
    <package name="src.services">
      <metrics statements="49" coveredstatements="47" conditionals="27" coveredconditionals="23" methods="9" coveredmethods="8"/>
      <file name="authService.ts" path="C:\Users\ossam\Desktop\ToDoList_Nadifi\src\services\authService.ts">
        <metrics statements="11" coveredstatements="11" conditionals="4" coveredconditionals="4" methods="2" coveredmethods="2"/>
        <line num="5" count="3" type="stmt"/>
        <line num="6" count="2" type="stmt"/>
        <line num="10" count="2" type="cond" truecount="2" falsecount="0"/>
        <line num="11" count="1" type="stmt"/>
        <line num="14" count="1" type="stmt"/>
        <line num="22" count="1" type="stmt"/>
        <line num="25" count="3" type="stmt"/>
        <line num="27" count="2" type="stmt"/>
        <line num="34" count="2" type="cond" truecount="2" falsecount="0"/>
        <line num="35" count="1" type="stmt"/>
        <line num="38" count="1" type="stmt"/>
      </file>
      <file name="taskService.ts" path="C:\Users\ossam\Desktop\ToDoList_Nadifi\src\services\taskService.ts">
        <metrics statements="35" coveredstatements="33" conditionals="23" coveredconditionals="19" methods="6" coveredmethods="5"/>
        <line num="13" count="3" type="stmt"/>
        <line num="14" count="2" type="stmt"/>
        <line num="23" count="2" type="stmt"/>
        <line num="26" count="3" type="stmt"/>
        <line num="27" count="0" type="stmt"/>
        <line num="38" count="0" type="stmt"/>
        <line num="42" count="3" type="stmt"/>
        <line num="43" count="1" type="stmt"/>
        <line num="52" count="1" type="stmt"/>
        <line num="55" count="3" type="stmt"/>
        <line num="56" count="3" type="stmt"/>
        <line num="60" count="3" type="cond" truecount="2" falsecount="0"/>
        <line num="61" count="1" type="stmt"/>
        <line num="64" count="2" type="cond" truecount="2" falsecount="0"/>
        <line num="65" count="1" type="stmt"/>
        <line num="68" count="1" type="stmt"/>
        <line num="71" count="3" type="stmt"/>
        <line num="72" count="3" type="stmt"/>
        <line num="76" count="3" type="cond" truecount="2" falsecount="0"/>
        <line num="77" count="1" type="stmt"/>
        <line num="80" count="2" type="cond" truecount="2" falsecount="0"/>
        <line num="81" count="1" type="stmt"/>
        <line num="84" count="1" type="stmt"/>
        <line num="87" count="1" type="cond" truecount="4" falsecount="1"/>
        <line num="88" count="1" type="cond" truecount="1" falsecount="1"/>
        <line num="89" count="1" type="cond" truecount="1" falsecount="1"/>
        <line num="91" count="1" type="stmt"/>
        <line num="96" count="1" type="stmt"/>
        <line num="99" count="3" type="stmt"/>
        <line num="100" count="3" type="stmt"/>
        <line num="104" count="3" type="cond" truecount="2" falsecount="0"/>
        <line num="105" count="1" type="stmt"/>
        <line num="108" count="2" type="cond" truecount="2" falsecount="0"/>
        <line num="109" count="1" type="stmt"/>
        <line num="112" count="1" type="stmt"/>
      </file>
      <file name="userService.ts" path="C:\Users\ossam\Desktop\ToDoList_Nadifi\src\services\userService.ts">
        <metrics statements="3" coveredstatements="3" conditionals="0" coveredconditionals="0" methods="1" coveredmethods="1"/>
        <line num="3" count="3" type="stmt"/>
        <line num="4" count="1" type="stmt"/>
        <line num="10" count="1" type="stmt"/>
      </file>
    </package>
    <package name="src.tests">
      <metrics statements="7" coveredstatements="7" conditionals="0" coveredconditionals="0" methods="4" coveredmethods="3"/>
      <file name="setup.ts" path="C:\Users\ossam\Desktop\ToDoList_Nadifi\src\tests\setup.ts">
        <metrics statements="7" coveredstatements="7" conditionals="0" coveredconditionals="0" methods="4" coveredmethods="3"/>
        <line num="6" count="3" type="stmt"/>
        <line num="13" count="19" type="stmt"/>
        <line num="18" count="2" type="stmt"/>
        <line num="22" count="3" type="stmt"/>
        <line num="23" count="5" type="stmt"/>
        <line num="24" count="5" type="stmt"/>
        <line num="28" count="5" type="stmt"/>
      </file>
    </package>
    <package name="src.utils">
      <metrics statements="7" coveredstatements="7" conditionals="0" coveredconditionals="0" methods="3" coveredmethods="3"/>
      <file name="appError.ts" path="C:\Users\ossam\Desktop\ToDoList_Nadifi\src\utils\appError.ts">
        <metrics statements="4" coveredstatements="4" conditionals="0" coveredconditionals="0" methods="1" coveredmethods="1"/>
        <line num="5" count="14" type="stmt"/>
        <line num="6" count="14" type="stmt"/>
        <line num="7" count="14" type="stmt"/>
        <line num="9" count="14" type="stmt"/>
      </file>
      <file name="asyncHandler.ts" path="C:\Users\ossam\Desktop\ToDoList_Nadifi\src\utils\asyncHandler.ts">
        <metrics statements="3" coveredstatements="3" conditionals="0" coveredconditionals="0" methods="2" coveredmethods="2"/>
        <line num="5" count="3" type="stmt"/>
        <line num="6" count="27" type="stmt"/>
        <line num="8" count="38" type="stmt"/>
      </file>
    </package>
    <package name="src.validators">
      <metrics statements="4" coveredstatements="4" conditionals="0" coveredconditionals="0" methods="1" coveredmethods="1"/>
      <file name="authValidator.ts" path="C:\Users\ossam\Desktop\ToDoList_Nadifi\src\validators\authValidator.ts">
        <metrics statements="2" coveredstatements="2" conditionals="0" coveredconditionals="0" methods="0" coveredmethods="0"/>
        <line num="4" count="3" type="stmt"/>
        <line num="11" count="3" type="stmt"/>
      </file>
      <file name="taskValidator.ts" path="C:\Users\ossam\Desktop\ToDoList_Nadifi\src\validators\taskValidator.ts">
        <metrics statements="2" coveredstatements="2" conditionals="0" coveredconditionals="0" methods="1" coveredmethods="1"/>
        <line num="4" count="3" type="stmt"/>
        <line num="8" count="1" type="stmt"/>
      </file>
    </package>
  </project>
</coverage>
