{"C:\\Users\\ossam\\Desktop\\ToDoList_Nadifi\\generated\\prisma\\client\\client.ts": {"path":"C:\\Users\\ossam\\Desktop\\ToDoList_Nadifi\\generated\\prisma\\client\\client.ts","statementMap":{"0":{"start":{"line":16,"column":0},"end":{"line":16,"column":null}},"1":{"start":{"line":40,"column":28},"end":{"line":40,"column":null}}},"fnMap":{},"branchMap":{},"s":{"0":3,"1":3},"f":{},"b":{},"meta":{"lastBranch":0,"lastFunction":0,"lastStatement":2,"seen":{"s:16:0:16:Infinity":0,"s:40:28:40:Infinity":1}}}
,"C:\\Users\\ossam\\Desktop\\ToDoList_Nadifi\\generated\\prisma\\client\\enums.ts": {"path":"C:\\Users\\ossam\\Desktop\\ToDoList_Nadifi\\generated\\prisma\\client\\enums.ts","statementMap":{"0":{"start":{"line":12,"column":26},"end":{"line":15,"column":null}}},"fnMap":{},"branchMap":{},"s":{"0":3},"f":{},"b":{},"meta":{"lastBranch":0,"lastFunction":0,"lastStatement":1,"seen":{"s:12:26:15:Infinity":0}}}
,"C:\\Users\\ossam\\Desktop\\ToDoList_Nadifi\\generated\\prisma\\client\\internal\\class.ts": {"path":"C:\\Users\\ossam\\Desktop\\ToDoList_Nadifi\\generated\\prisma\\client\\internal\\class.ts","statementMap":{"0":{"start":{"line":18,"column":46},"end":{"line":33,"column":null}},"1":{"start":{"line":35,"column":0},"end":{"line":35,"column":null}},"2":{"start":{"line":36,"column":0},"end":{"line":39,"column":null}},"3":{"start":{"line":42,"column":21},"end":{"line":42,"column":null}},"4":{"start":{"line":43,"column":20},"end":{"line":43,"column":null}},"5":{"start":{"line":44,"column":2},"end":{"line":44,"column":null}},"6":{"start":{"line":47,"column":0},"end":{"line":56,"column":null}},"7":{"start":{"line":48,"column":26},"end":{"line":48,"column":null}},"8":{"start":{"line":51,"column":21},"end":{"line":51,"column":null}},"9":{"start":{"line":52,"column":4},"end":{"line":52,"column":null}},"10":{"start":{"line":213,"column":2},"end":{"line":213,"column":null}}},"fnMap":{"0":{"name":"decodeBase64AsWasm","decl":{"start":{"line":41,"column":15},"end":{"line":41,"column":34}},"loc":{"start":{"line":41,"column":83},"end":{"line":45,"column":null}},"line":41},"1":{"name":"(anonymous_1)","decl":{"start":{"line":48,"column":14},"end":{"line":48,"column":26}},"loc":{"start":{"line":48,"column":26},"end":{"line":48,"column":null}},"line":48},"2":{"name":"(anonymous_2)","decl":{"start":{"line":50,"column":30},"end":{"line":50,"column":42}},"loc":{"start":{"line":50,"column":42},"end":{"line":53,"column":null}},"line":50},"3":{"name":"getPrismaClientClass","decl":{"start":{"line":212,"column":16},"end":{"line":212,"column":64}},"loc":{"start":{"line":212,"column":64},"end":{"line":214,"column":null}},"line":212}},"branchMap":{},"s":{"0":3,"1":3,"2":3,"3":3,"4":3,"5":3,"6":3,"7":3,"8":3,"9":3,"10":3},"f":{"0":3,"1":3,"2":3,"3":3},"b":{},"meta":{"lastBranch":0,"lastFunction":4,"lastStatement":11,"seen":{"s:18:46:33:Infinity":0,"s:35:0:35:Infinity":1,"s:36:0:39:Infinity":2,"f:41:15:41:34":0,"s:42:21:42:Infinity":3,"s:43:20:43:Infinity":4,"s:44:2:44:Infinity":5,"s:47:0:56:Infinity":6,"f:48:14:48:26":1,"s:48:26:48:Infinity":7,"f:50:30:50:42":2,"s:51:21:51:Infinity":8,"s:52:4:52:Infinity":9,"f:212:16:212:64":3,"s:213:2:213:Infinity":10}}}
,"C:\\Users\\ossam\\Desktop\\ToDoList_Nadifi\\generated\\prisma\\client\\internal\\prismaNamespace.ts": {"path":"C:\\Users\\ossam\\Desktop\\ToDoList_Nadifi\\generated\\prisma\\client\\internal\\prismaNamespace.ts","statementMap":{"0":{"start":{"line":32,"column":45},"end":{"line":32,"column":null}},"1":{"start":{"line":35,"column":47},"end":{"line":35,"column":null}},"2":{"start":{"line":38,"column":42},"end":{"line":38,"column":null}},"3":{"start":{"line":41,"column":47},"end":{"line":41,"column":null}},"4":{"start":{"line":44,"column":43},"end":{"line":44,"column":null}},"5":{"start":{"line":50,"column":19},"end":{"line":50,"column":null}},"6":{"start":{"line":51,"column":21},"end":{"line":51,"column":null}},"7":{"start":{"line":52,"column":20},"end":{"line":52,"column":null}},"8":{"start":{"line":53,"column":19},"end":{"line":53,"column":null}},"9":{"start":{"line":54,"column":19},"end":{"line":54,"column":null}},"10":{"start":{"line":62,"column":23},"end":{"line":62,"column":null}},"11":{"start":{"line":71,"column":35},"end":{"line":71,"column":null}},"12":{"start":{"line":86,"column":44},"end":{"line":89,"column":null}},"13":{"start":{"line":104,"column":25},"end":{"line":108,"column":null}},"14":{"start":{"line":114,"column":22},"end":{"line":114,"column":null}},"15":{"start":{"line":121,"column":24},"end":{"line":121,"column":null}},"16":{"start":{"line":128,"column":23},"end":{"line":128,"column":null}},"17":{"start":{"line":386,"column":25},"end":{"line":389,"column":null}},"18":{"start":{"line":585,"column":41},"end":{"line":590,"column":null}},"19":{"start":{"line":595,"column":35},"end":{"line":600,"column":null}},"20":{"start":{"line":605,"column":35},"end":{"line":611,"column":null}},"21":{"start":{"line":616,"column":25},"end":{"line":619,"column":null}},"22":{"start":{"line":624,"column":25},"end":{"line":627,"column":null}},"23":{"start":{"line":632,"column":26},"end":{"line":635,"column":null}},"24":{"start":{"line":694,"column":31},"end":{"line":694,"column":null}}},"fnMap":{},"branchMap":{},"s":{"0":3,"1":3,"2":3,"3":3,"4":3,"5":3,"6":3,"7":3,"8":3,"9":3,"10":3,"11":3,"12":3,"13":3,"14":3,"15":3,"16":3,"17":3,"18":3,"19":3,"20":3,"21":3,"22":3,"23":3,"24":3},"f":{},"b":{},"meta":{"lastBranch":0,"lastFunction":0,"lastStatement":25,"seen":{"s:32:45:32:Infinity":0,"s:35:47:35:Infinity":1,"s:38:42:38:Infinity":2,"s:41:47:41:Infinity":3,"s:44:43:44:Infinity":4,"s:50:19:50:Infinity":5,"s:51:21:51:Infinity":6,"s:52:20:52:Infinity":7,"s:53:19:53:Infinity":8,"s:54:19:54:Infinity":9,"s:62:23:62:Infinity":10,"s:71:35:71:Infinity":11,"s:86:44:89:Infinity":12,"s:104:25:108:Infinity":13,"s:114:22:114:Infinity":14,"s:121:24:121:Infinity":15,"s:128:23:128:Infinity":16,"s:386:25:389:Infinity":17,"s:585:41:590:Infinity":18,"s:595:35:600:Infinity":19,"s:605:35:611:Infinity":20,"s:616:25:619:Infinity":21,"s:624:25:627:Infinity":22,"s:632:26:635:Infinity":23,"s:694:31:694:Infinity":24}}}
,"C:\\Users\\ossam\\Desktop\\ToDoList_Nadifi\\src\\app.ts": {"path":"C:\\Users\\ossam\\Desktop\\ToDoList_Nadifi\\src\\app.ts","statementMap":{"0":{"start":{"line":7,"column":0},"end":{"line":7,"column":null}},"1":{"start":{"line":9,"column":0},"end":{"line":9,"column":null}},"2":{"start":{"line":17,"column":6},"end":{"line":17,"column":null}},"3":{"start":{"line":20,"column":0},"end":{"line":20,"column":null}},"4":{"start":{"line":21,"column":0},"end":{"line":21,"column":null}},"5":{"start":{"line":22,"column":0},"end":{"line":22,"column":null}},"6":{"start":{"line":25,"column":0},"end":{"line":25,"column":null}},"7":{"start":{"line":26,"column":0},"end":{"line":26,"column":null}},"8":{"start":{"line":27,"column":0},"end":{"line":27,"column":null}}},"fnMap":{},"branchMap":{},"s":{"0":3,"1":3,"2":3,"3":3,"4":3,"5":3,"6":3,"7":3,"8":3},"f":{},"b":{},"meta":{"lastBranch":0,"lastFunction":0,"lastStatement":9,"seen":{"s:7:0:7:Infinity":0,"s:9:0:9:Infinity":1,"s:17:6:17:Infinity":2,"s:20:0:20:Infinity":3,"s:21:0:21:Infinity":4,"s:22:0:22:Infinity":5,"s:25:0:25:Infinity":6,"s:26:0:26:Infinity":7,"s:27:0:27:Infinity":8}}}
,"C:\\Users\\ossam\\Desktop\\ToDoList_Nadifi\\src\\auth\\generateToken.ts": {"path":"C:\\Users\\ossam\\Desktop\\ToDoList_Nadifi\\src\\auth\\generateToken.ts","statementMap":{"0":{"start":{"line":6,"column":13},"end":{"line":19,"column":null}},"1":{"start":{"line":7,"column":18},"end":{"line":7,"column":null}},"2":{"start":{"line":8,"column":16},"end":{"line":10,"column":null}},"3":{"start":{"line":12,"column":2},"end":{"line":16,"column":null}},"4":{"start":{"line":18,"column":2},"end":{"line":18,"column":null}}},"fnMap":{"0":{"name":"(anonymous_0)","decl":{"start":{"line":6,"column":13},"end":{"line":6,"column":30}},"loc":{"start":{"line":6,"column":66},"end":{"line":19,"column":null}},"line":6}},"branchMap":{},"s":{"0":3,"1":1,"2":1,"3":1,"4":1},"f":{"0":1},"b":{},"meta":{"lastBranch":0,"lastFunction":1,"lastStatement":5,"seen":{"s:6:13:19:Infinity":0,"f:6:13:6:30":0,"s:7:18:7:Infinity":1,"s:8:16:10:Infinity":2,"s:12:2:16:Infinity":3,"s:18:2:18:Infinity":4}}}
,"C:\\Users\\ossam\\Desktop\\ToDoList_Nadifi\\src\\controllers\\authController.ts": {"path":"C:\\Users\\ossam\\Desktop\\ToDoList_Nadifi\\src\\controllers\\authController.ts","statementMap":{"0":{"start":{"line":7,"column":24},"end":{"line":46,"column":null}},"1":{"start":{"line":8,"column":4},"end":{"line":45,"column":null}},"2":{"start":{"line":9,"column":38},"end":{"line":9,"column":null}},"3":{"start":{"line":10,"column":27},"end":{"line":12,"column":null}},"4":{"start":{"line":14,"column":8},"end":{"line":17,"column":null}},"5":{"start":{"line":15,"column":12},"end":{"line":15,"column":null}},"6":{"start":{"line":16,"column":12},"end":{"line":16,"column":null}},"7":{"start":{"line":19,"column":21},"end":{"line":25,"column":null}},"8":{"start":{"line":27,"column":8},"end":{"line":36,"column":null}},"9":{"start":{"line":39,"column":8},"end":{"line":42,"column":null}},"10":{"start":{"line":44,"column":8},"end":{"line":44,"column":null}},"11":{"start":{"line":49,"column":21},"end":{"line":86,"column":null}},"12":{"start":{"line":50,"column":4},"end":{"line":85,"column":null}},"13":{"start":{"line":51,"column":32},"end":{"line":51,"column":null}},"14":{"start":{"line":53,"column":21},"end":{"line":58,"column":null}},"15":{"start":{"line":60,"column":8},"end":{"line":63,"column":null}},"16":{"start":{"line":61,"column":12},"end":{"line":61,"column":null}},"17":{"start":{"line":62,"column":12},"end":{"line":62,"column":null}},"18":{"start":{"line":65,"column":14},"end":{"line":65,"column":null}},"19":{"start":{"line":67,"column":8},"end":{"line":76,"column":null}},"20":{"start":{"line":79,"column":8},"end":{"line":82,"column":null}},"21":{"start":{"line":84,"column":8},"end":{"line":84,"column":null}}},"fnMap":{"0":{"name":"(anonymous_0)","decl":{"start":{"line":7,"column":24},"end":{"line":7,"column":31}},"loc":{"start":{"line":7,"column":78},"end":{"line":46,"column":null}},"line":7},"1":{"name":"(anonymous_1)","decl":{"start":{"line":49,"column":21},"end":{"line":49,"column":28}},"loc":{"start":{"line":49,"column":75},"end":{"line":86,"column":null}},"line":49}},"branchMap":{"0":{"loc":{"start":{"line":14,"column":8},"end":{"line":17,"column":null}},"type":"if","locations":[{"start":{"line":14,"column":8},"end":{"line":17,"column":null}},{"start":{},"end":{}}],"line":14},"1":{"loc":{"start":{"line":60,"column":8},"end":{"line":63,"column":null}},"type":"if","locations":[{"start":{"line":60,"column":8},"end":{"line":63,"column":null}},{"start":{},"end":{}}],"line":60}},"s":{"0":3,"1":2,"2":2,"3":2,"4":2,"5":1,"6":1,"7":1,"8":1,"9":0,"10":0,"11":3,"12":2,"13":2,"14":2,"15":2,"16":1,"17":1,"18":1,"19":1,"20":0,"21":0},"f":{"0":2,"1":2},"b":{"0":[1,1],"1":[1,1]},"meta":{"lastBranch":2,"lastFunction":2,"lastStatement":22,"seen":{"s:7:24:46:Infinity":0,"f:7:24:7:31":0,"s:8:4:45:Infinity":1,"s:9:38:9:Infinity":2,"s:10:27:12:Infinity":3,"b:14:8:17:Infinity:undefined:undefined:undefined:undefined":0,"s:14:8:17:Infinity":4,"s:15:12:15:Infinity":5,"s:16:12:16:Infinity":6,"s:19:21:25:Infinity":7,"s:27:8:36:Infinity":8,"s:39:8:42:Infinity":9,"s:44:8:44:Infinity":10,"s:49:21:86:Infinity":11,"f:49:21:49:28":1,"s:50:4:85:Infinity":12,"s:51:32:51:Infinity":13,"s:53:21:58:Infinity":14,"b:60:8:63:Infinity:undefined:undefined:undefined:undefined":1,"s:60:8:63:Infinity":15,"s:61:12:61:Infinity":16,"s:62:12:62:Infinity":17,"s:65:14:65:Infinity":18,"s:67:8:76:Infinity":19,"s:79:8:82:Infinity":20,"s:84:8:84:Infinity":21}}}
,"C:\\Users\\ossam\\Desktop\\ToDoList_Nadifi\\src\\controllers\\taskController.ts": {"path":"C:\\Users\\ossam\\Desktop\\ToDoList_Nadifi\\src\\controllers\\taskController.ts","statementMap":{"0":{"start":{"line":13,"column":28},"end":{"line":36,"column":null}},"1":{"start":{"line":14,"column":4},"end":{"line":35,"column":null}},"2":{"start":{"line":15,"column":23},"end":{"line":19,"column":null}},"3":{"start":{"line":21,"column":8},"end":{"line":26,"column":null}},"4":{"start":{"line":29,"column":8},"end":{"line":32,"column":null}},"5":{"start":{"line":34,"column":8},"end":{"line":34,"column":null}},"6":{"start":{"line":39,"column":26},"end":{"line":66,"column":null}},"7":{"start":{"line":40,"column":4},"end":{"line":65,"column":null}},"8":{"start":{"line":41,"column":44},"end":{"line":41,"column":null}},"9":{"start":{"line":42,"column":24},"end":{"line":49,"column":null}},"10":{"start":{"line":51,"column":8},"end":{"line":56,"column":null}},"11":{"start":{"line":59,"column":8},"end":{"line":62,"column":null}},"12":{"start":{"line":64,"column":8},"end":{"line":64,"column":null}},"13":{"start":{"line":69,"column":23},"end":{"line":100,"column":null}},"14":{"start":{"line":70,"column":4},"end":{"line":99,"column":null}},"15":{"start":{"line":71,"column":21},"end":{"line":73,"column":null}},"16":{"start":{"line":75,"column":8},"end":{"line":78,"column":null}},"17":{"start":{"line":76,"column":12},"end":{"line":76,"column":null}},"18":{"start":{"line":77,"column":12},"end":{"line":77,"column":null}},"19":{"start":{"line":80,"column":8},"end":{"line":83,"column":null}},"20":{"start":{"line":81,"column":12},"end":{"line":81,"column":null}},"21":{"start":{"line":82,"column":12},"end":{"line":82,"column":null}},"22":{"start":{"line":85,"column":8},"end":{"line":90,"column":null}},"23":{"start":{"line":93,"column":8},"end":{"line":96,"column":null}},"24":{"start":{"line":98,"column":8},"end":{"line":98,"column":null}},"25":{"start":{"line":103,"column":26},"end":{"line":147,"column":null}},"26":{"start":{"line":104,"column":4},"end":{"line":146,"column":null}},"27":{"start":{"line":105,"column":46},"end":{"line":105,"column":null}},"28":{"start":{"line":106,"column":21},"end":{"line":108,"column":null}},"29":{"start":{"line":110,"column":8},"end":{"line":113,"column":null}},"30":{"start":{"line":111,"column":12},"end":{"line":111,"column":null}},"31":{"start":{"line":112,"column":12},"end":{"line":112,"column":null}},"32":{"start":{"line":115,"column":8},"end":{"line":117,"column":null}},"33":{"start":{"line":116,"column":12},"end":{"line":116,"column":null}},"34":{"start":{"line":119,"column":36},"end":{"line":119,"column":null}},"35":{"start":{"line":122,"column":8},"end":{"line":122,"column":null}},"36":{"start":{"line":122,"column":83},"end":{"line":122,"column":null}},"37":{"start":{"line":123,"column":8},"end":{"line":123,"column":null}},"38":{"start":{"line":123,"column":33},"end":{"line":123,"column":null}},"39":{"start":{"line":124,"column":8},"end":{"line":124,"column":null}},"40":{"start":{"line":124,"column":39},"end":{"line":124,"column":null}},"41":{"start":{"line":126,"column":28},"end":{"line":129,"column":null}},"42":{"start":{"line":131,"column":8},"end":{"line":137,"column":null}},"43":{"start":{"line":140,"column":8},"end":{"line":143,"column":null}},"44":{"start":{"line":145,"column":8},"end":{"line":145,"column":null}},"45":{"start":{"line":151,"column":26},"end":{"line":187,"column":null}},"46":{"start":{"line":152,"column":4},"end":{"line":185,"column":null}},"47":{"start":{"line":153,"column":21},"end":{"line":155,"column":null}},"48":{"start":{"line":157,"column":8},"end":{"line":160,"column":null}},"49":{"start":{"line":158,"column":12},"end":{"line":158,"column":null}},"50":{"start":{"line":159,"column":12},"end":{"line":159,"column":null}},"51":{"start":{"line":162,"column":8},"end":{"line":162,"column":null}},"52":{"start":{"line":164,"column":8},"end":{"line":167,"column":null}},"53":{"start":{"line":165,"column":12},"end":{"line":165,"column":null}},"54":{"start":{"line":166,"column":12},"end":{"line":166,"column":null}},"55":{"start":{"line":169,"column":8},"end":{"line":171,"column":null}},"56":{"start":{"line":173,"column":8},"end":{"line":176,"column":null}},"57":{"start":{"line":179,"column":8},"end":{"line":182,"column":null}},"58":{"start":{"line":184,"column":8},"end":{"line":184,"column":null}}},"fnMap":{"0":{"name":"(anonymous_0)","decl":{"start":{"line":13,"column":28},"end":{"line":13,"column":35}},"loc":{"start":{"line":13,"column":82},"end":{"line":36,"column":null}},"line":13},"1":{"name":"(anonymous_1)","decl":{"start":{"line":39,"column":26},"end":{"line":39,"column":33}},"loc":{"start":{"line":39,"column":80},"end":{"line":66,"column":null}},"line":39},"2":{"name":"(anonymous_2)","decl":{"start":{"line":69,"column":23},"end":{"line":69,"column":30}},"loc":{"start":{"line":69,"column":77},"end":{"line":100,"column":null}},"line":69},"3":{"name":"(anonymous_3)","decl":{"start":{"line":103,"column":26},"end":{"line":103,"column":33}},"loc":{"start":{"line":103,"column":80},"end":{"line":147,"column":null}},"line":103},"4":{"name":"(anonymous_4)","decl":{"start":{"line":151,"column":26},"end":{"line":151,"column":33}},"loc":{"start":{"line":151,"column":80},"end":{"line":187,"column":null}},"line":151}},"branchMap":{"0":{"loc":{"start":{"line":47,"column":24},"end":{"line":47,"column":null}},"type":"binary-expr","locations":[{"start":{"line":47,"column":24},"end":{"line":47,"column":33}},{"start":{"line":47,"column":33},"end":{"line":47,"column":null}}],"line":47},"1":{"loc":{"start":{"line":75,"column":8},"end":{"line":78,"column":null}},"type":"if","locations":[{"start":{"line":75,"column":8},"end":{"line":78,"column":null}},{"start":{},"end":{}}],"line":75},"2":{"loc":{"start":{"line":80,"column":8},"end":{"line":83,"column":null}},"type":"if","locations":[{"start":{"line":80,"column":8},"end":{"line":83,"column":null}},{"start":{},"end":{}}],"line":80},"3":{"loc":{"start":{"line":110,"column":8},"end":{"line":113,"column":null}},"type":"if","locations":[{"start":{"line":110,"column":8},"end":{"line":113,"column":null}},{"start":{},"end":{}}],"line":110},"4":{"loc":{"start":{"line":115,"column":8},"end":{"line":117,"column":null}},"type":"if","locations":[{"start":{"line":115,"column":8},"end":{"line":117,"column":null}},{"start":{},"end":{}}],"line":115},"5":{"loc":{"start":{"line":122,"column":8},"end":{"line":122,"column":null}},"type":"if","locations":[{"start":{"line":122,"column":8},"end":{"line":122,"column":null}},{"start":{},"end":{}}],"line":122},"6":{"loc":{"start":{"line":122,"column":12},"end":{"line":122,"column":83}},"type":"binary-expr","locations":[{"start":{"line":122,"column":12},"end":{"line":122,"column":36}},{"start":{"line":122,"column":36},"end":{"line":122,"column":59}},{"start":{"line":122,"column":59},"end":{"line":122,"column":83}}],"line":122},"7":{"loc":{"start":{"line":123,"column":8},"end":{"line":123,"column":null}},"type":"if","locations":[{"start":{"line":123,"column":8},"end":{"line":123,"column":null}},{"start":{},"end":{}}],"line":123},"8":{"loc":{"start":{"line":124,"column":8},"end":{"line":124,"column":null}},"type":"if","locations":[{"start":{"line":124,"column":8},"end":{"line":124,"column":null}},{"start":{},"end":{}}],"line":124},"9":{"loc":{"start":{"line":157,"column":8},"end":{"line":160,"column":null}},"type":"if","locations":[{"start":{"line":157,"column":8},"end":{"line":160,"column":null}},{"start":{},"end":{}}],"line":157},"10":{"loc":{"start":{"line":164,"column":8},"end":{"line":167,"column":null}},"type":"if","locations":[{"start":{"line":164,"column":8},"end":{"line":167,"column":null}},{"start":{},"end":{}}],"line":164}},"s":{"0":3,"1":2,"2":2,"3":2,"4":0,"5":0,"6":3,"7":1,"8":1,"9":1,"10":1,"11":0,"12":0,"13":3,"14":3,"15":3,"16":3,"17":1,"18":1,"19":2,"20":1,"21":1,"22":1,"23":0,"24":0,"25":3,"26":3,"27":3,"28":3,"29":3,"30":1,"31":1,"32":2,"33":1,"34":2,"35":2,"36":2,"37":2,"38":2,"39":2,"40":2,"41":2,"42":2,"43":1,"44":1,"45":3,"46":3,"47":3,"48":3,"49":1,"50":1,"51":2,"52":2,"53":1,"54":1,"55":1,"56":1,"57":0,"58":0},"f":{"0":2,"1":1,"2":3,"3":3,"4":3},"b":{"0":[1,0],"1":[1,2],"2":[1,1],"3":[1,2],"4":[1,1],"5":[2,0],"6":[2,2,2],"7":[2,0],"8":[2,0],"9":[1,2],"10":[1,1]},"meta":{"lastBranch":11,"lastFunction":5,"lastStatement":59,"seen":{"s:13:28:36:Infinity":0,"f:13:28:13:35":0,"s:14:4:35:Infinity":1,"s:15:23:19:Infinity":2,"s:21:8:26:Infinity":3,"s:29:8:32:Infinity":4,"s:34:8:34:Infinity":5,"s:39:26:66:Infinity":6,"f:39:26:39:33":1,"s:40:4:65:Infinity":7,"s:41:44:41:Infinity":8,"s:42:24:49:Infinity":9,"b:47:24:47:33:47:33:47:Infinity":0,"s:51:8:56:Infinity":10,"s:59:8:62:Infinity":11,"s:64:8:64:Infinity":12,"s:69:23:100:Infinity":13,"f:69:23:69:30":2,"s:70:4:99:Infinity":14,"s:71:21:73:Infinity":15,"b:75:8:78:Infinity:undefined:undefined:undefined:undefined":1,"s:75:8:78:Infinity":16,"s:76:12:76:Infinity":17,"s:77:12:77:Infinity":18,"b:80:8:83:Infinity:undefined:undefined:undefined:undefined":2,"s:80:8:83:Infinity":19,"s:81:12:81:Infinity":20,"s:82:12:82:Infinity":21,"s:85:8:90:Infinity":22,"s:93:8:96:Infinity":23,"s:98:8:98:Infinity":24,"s:103:26:147:Infinity":25,"f:103:26:103:33":3,"s:104:4:146:Infinity":26,"s:105:46:105:Infinity":27,"s:106:21:108:Infinity":28,"b:110:8:113:Infinity:undefined:undefined:undefined:undefined":3,"s:110:8:113:Infinity":29,"s:111:12:111:Infinity":30,"s:112:12:112:Infinity":31,"b:115:8:117:Infinity:undefined:undefined:undefined:undefined":4,"s:115:8:117:Infinity":32,"s:116:12:116:Infinity":33,"s:119:36:119:Infinity":34,"b:122:8:122:Infinity:undefined:undefined:undefined:undefined":5,"s:122:8:122:Infinity":35,"b:122:12:122:36:122:36:122:59:122:59:122:83":6,"s:122:83:122:Infinity":36,"b:123:8:123:Infinity:undefined:undefined:undefined:undefined":7,"s:123:8:123:Infinity":37,"s:123:33:123:Infinity":38,"b:124:8:124:Infinity:undefined:undefined:undefined:undefined":8,"s:124:8:124:Infinity":39,"s:124:39:124:Infinity":40,"s:126:28:129:Infinity":41,"s:131:8:137:Infinity":42,"s:140:8:143:Infinity":43,"s:145:8:145:Infinity":44,"s:151:26:187:Infinity":45,"f:151:26:151:33":4,"s:152:4:185:Infinity":46,"s:153:21:155:Infinity":47,"b:157:8:160:Infinity:undefined:undefined:undefined:undefined":9,"s:157:8:160:Infinity":48,"s:158:12:158:Infinity":49,"s:159:12:159:Infinity":50,"s:162:8:162:Infinity":51,"b:164:8:167:Infinity:undefined:undefined:undefined:undefined":10,"s:164:8:167:Infinity":52,"s:165:12:165:Infinity":53,"s:166:12:166:Infinity":54,"s:169:8:171:Infinity":55,"s:173:8:176:Infinity":56,"s:179:8:182:Infinity":57,"s:184:8:184:Infinity":58}}}
,"C:\\Users\\ossam\\Desktop\\ToDoList_Nadifi\\src\\controllers\\userController.ts": {"path":"C:\\Users\\ossam\\Desktop\\ToDoList_Nadifi\\src\\controllers\\userController.ts","statementMap":{"0":{"start":{"line":5,"column":27},"end":{"line":28,"column":null}},"1":{"start":{"line":6,"column":4},"end":{"line":27,"column":null}},"2":{"start":{"line":7,"column":22},"end":{"line":11,"column":null}},"3":{"start":{"line":13,"column":8},"end":{"line":18,"column":null}},"4":{"start":{"line":21,"column":8},"end":{"line":24,"column":null}},"5":{"start":{"line":26,"column":8},"end":{"line":26,"column":null}}},"fnMap":{"0":{"name":"(anonymous_0)","decl":{"start":{"line":5,"column":27},"end":{"line":5,"column":34}},"loc":{"start":{"line":5,"column":81},"end":{"line":28,"column":null}},"line":5}},"branchMap":{},"s":{"0":3,"1":1,"2":1,"3":1,"4":0,"5":0},"f":{"0":1},"b":{},"meta":{"lastBranch":0,"lastFunction":1,"lastStatement":6,"seen":{"s:5:27:28:Infinity":0,"f:5:27:5:34":0,"s:6:4:27:Infinity":1,"s:7:22:11:Infinity":2,"s:13:8:18:Infinity":3,"s:21:8:24:Infinity":4,"s:26:8:26:Infinity":5}}}
,"C:\\Users\\ossam\\Desktop\\ToDoList_Nadifi\\src\\db\\db.ts": {"path":"C:\\Users\\ossam\\Desktop\\ToDoList_Nadifi\\src\\db\\db.ts","statementMap":{"0":{"start":{"line":6,"column":25},"end":{"line":6,"column":null}},"1":{"start":{"line":8,"column":16},"end":{"line":8,"column":null}},"2":{"start":{"line":9,"column":15},"end":{"line":9,"column":null}},"3":{"start":{"line":13,"column":25},"end":{"line":21,"column":null}},"4":{"start":{"line":14,"column":4},"end":{"line":20,"column":null}},"5":{"start":{"line":15,"column":8},"end":{"line":15,"column":null}},"6":{"start":{"line":16,"column":8},"end":{"line":16,"column":null}},"7":{"start":{"line":18,"column":8},"end":{"line":18,"column":null}},"8":{"start":{"line":19,"column":8},"end":{"line":19,"column":null}},"9":{"start":{"line":23,"column":28},"end":{"line":25,"column":null}},"10":{"start":{"line":24,"column":4},"end":{"line":24,"column":null}}},"fnMap":{"0":{"name":"(anonymous_0)","decl":{"start":{"line":13,"column":25},"end":{"line":13,"column":37}},"loc":{"start":{"line":13,"column":37},"end":{"line":21,"column":null}},"line":13},"1":{"name":"(anonymous_1)","decl":{"start":{"line":23,"column":28},"end":{"line":23,"column":40}},"loc":{"start":{"line":23,"column":40},"end":{"line":25,"column":null}},"line":23}},"branchMap":{},"s":{"0":3,"1":3,"2":3,"3":3,"4":3,"5":3,"6":3,"7":0,"8":0,"9":3,"10":0},"f":{"0":3,"1":0},"b":{},"meta":{"lastBranch":0,"lastFunction":2,"lastStatement":11,"seen":{"s:6:25:6:Infinity":0,"s:8:16:8:Infinity":1,"s:9:15:9:Infinity":2,"s:13:25:21:Infinity":3,"f:13:25:13:37":0,"s:14:4:20:Infinity":4,"s:15:8:15:Infinity":5,"s:16:8:16:Infinity":6,"s:18:8:18:Infinity":7,"s:19:8:19:Infinity":8,"s:23:28:25:Infinity":9,"f:23:28:23:40":1,"s:24:4:24:Infinity":10}}}
,"C:\\Users\\ossam\\Desktop\\ToDoList_Nadifi\\src\\middleware\\authMiddleware.ts": {"path":"C:\\Users\\ossam\\Desktop\\ToDoList_Nadifi\\src\\middleware\\authMiddleware.ts","statementMap":{"0":{"start":{"line":6,"column":30},"end":{"line":37,"column":null}},"1":{"start":{"line":8,"column":4},"end":{"line":14,"column":null}},"2":{"start":{"line":9,"column":8},"end":{"line":9,"column":null}},"3":{"start":{"line":11,"column":9},"end":{"line":14,"column":null}},"4":{"start":{"line":12,"column":8},"end":{"line":12,"column":null}},"5":{"start":{"line":13,"column":8},"end":{"line":13,"column":null}},"6":{"start":{"line":16,"column":4},"end":{"line":18,"column":null}},"7":{"start":{"line":17,"column":8},"end":{"line":17,"column":null}},"8":{"start":{"line":20,"column":4},"end":{"line":36,"column":null}},"9":{"start":{"line":21,"column":24},"end":{"line":21,"column":null}},"10":{"start":{"line":23,"column":21},"end":{"line":25,"column":null}},"11":{"start":{"line":27,"column":8},"end":{"line":29,"column":null}},"12":{"start":{"line":28,"column":12},"end":{"line":28,"column":null}},"13":{"start":{"line":31,"column":8},"end":{"line":31,"column":null}},"14":{"start":{"line":32,"column":8},"end":{"line":32,"column":null}},"15":{"start":{"line":35,"column":8},"end":{"line":35,"column":null}}},"fnMap":{"0":{"name":"(anonymous_0)","decl":{"start":{"line":6,"column":30},"end":{"line":6,"column":37}},"loc":{"start":{"line":6,"column":90},"end":{"line":37,"column":null}},"line":6}},"branchMap":{"0":{"loc":{"start":{"line":8,"column":4},"end":{"line":14,"column":null}},"type":"if","locations":[{"start":{"line":8,"column":4},"end":{"line":14,"column":null}},{"start":{"line":11,"column":9},"end":{"line":14,"column":null}}],"line":8},"1":{"loc":{"start":{"line":8,"column":8},"end":{"line":8,"column":86}},"type":"binary-expr","locations":[{"start":{"line":8,"column":8},"end":{"line":8,"column":37}},{"start":{"line":8,"column":37},"end":{"line":8,"column":86}}],"line":8},"2":{"loc":{"start":{"line":11,"column":9},"end":{"line":14,"column":null}},"type":"if","locations":[{"start":{"line":11,"column":9},"end":{"line":14,"column":null}},{"start":{},"end":{}}],"line":11},"3":{"loc":{"start":{"line":16,"column":4},"end":{"line":18,"column":null}},"type":"if","locations":[{"start":{"line":16,"column":4},"end":{"line":18,"column":null}},{"start":{},"end":{}}],"line":16},"4":{"loc":{"start":{"line":27,"column":8},"end":{"line":29,"column":null}},"type":"if","locations":[{"start":{"line":27,"column":8},"end":{"line":29,"column":null}},{"start":{},"end":{}}],"line":27}},"s":{"0":3,"1":21,"2":16,"3":5,"4":0,"5":0,"6":21,"7":5,"8":16,"9":16,"10":16,"11":15,"12":0,"13":15,"14":15,"15":1},"f":{"0":21},"b":{"0":[16,5],"1":[21,16],"2":[0,5],"3":[5,16],"4":[0,15]},"meta":{"lastBranch":5,"lastFunction":1,"lastStatement":16,"seen":{"s:6:30:37:Infinity":0,"f:6:30:6:37":0,"b:8:4:14:Infinity:11:9:14:Infinity":0,"s:8:4:14:Infinity":1,"b:8:8:8:37:8:37:8:86":1,"s:9:8:9:Infinity":2,"b:11:9:14:Infinity:undefined:undefined:undefined:undefined":2,"s:11:9:14:Infinity":3,"s:12:8:12:Infinity":4,"s:13:8:13:Infinity":5,"b:16:4:18:Infinity:undefined:undefined:undefined:undefined":3,"s:16:4:18:Infinity":6,"s:17:8:17:Infinity":7,"s:20:4:36:Infinity":8,"s:21:24:21:Infinity":9,"s:23:21:25:Infinity":10,"b:27:8:29:Infinity:undefined:undefined:undefined:undefined":4,"s:27:8:29:Infinity":11,"s:28:12:28:Infinity":12,"s:31:8:31:Infinity":13,"s:32:8:32:Infinity":14,"s:35:8:35:Infinity":15}}}
,"C:\\Users\\ossam\\Desktop\\ToDoList_Nadifi\\src\\middleware\\validateRequest.ts": {"path":"C:\\Users\\ossam\\Desktop\\ToDoList_Nadifi\\src\\middleware\\validateRequest.ts","statementMap":{"0":{"start":{"line":5,"column":13},"end":{"line":23,"column":null}},"1":{"start":{"line":6,"column":4},"end":{"line":22,"column":null}},"2":{"start":{"line":7,"column":23},"end":{"line":7,"column":null}},"3":{"start":{"line":9,"column":8},"end":{"line":18,"column":null}},"4":{"start":{"line":10,"column":30},"end":{"line":10,"column":null}},"5":{"start":{"line":12,"column":31},"end":{"line":13,"column":null}},"6":{"start":{"line":13,"column":37},"end":{"line":13,"column":57}},"7":{"start":{"line":15,"column":12},"end":{"line":15,"column":null}},"8":{"start":{"line":17,"column":12},"end":{"line":17,"column":null}},"9":{"start":{"line":20,"column":4},"end":{"line":20,"column":null}},"10":{"start":{"line":21,"column":4},"end":{"line":21,"column":null}}},"fnMap":{"0":{"name":"(anonymous_0)","decl":{"start":{"line":5,"column":13},"end":{"line":5,"column":32}},"loc":{"start":{"line":5,"column":57},"end":{"line":23,"column":null}},"line":5},"1":{"name":"(anonymous_1)","decl":{"start":{"line":6,"column":4},"end":{"line":6,"column":12}},"loc":{"start":{"line":6,"column":65},"end":{"line":22,"column":null}},"line":6},"2":{"name":"(anonymous_2)","decl":{"start":{"line":13,"column":13},"end":{"line":13,"column":22}},"loc":{"start":{"line":13,"column":37},"end":{"line":13,"column":57}},"line":13}},"branchMap":{"0":{"loc":{"start":{"line":9,"column":8},"end":{"line":18,"column":null}},"type":"if","locations":[{"start":{"line":9,"column":8},"end":{"line":18,"column":null}},{"start":{},"end":{}}],"line":9},"1":{"loc":{"start":{"line":13,"column":37},"end":{"line":13,"column":57}},"type":"binary-expr","locations":[{"start":{"line":13,"column":37},"end":{"line":13,"column":55}},{"start":{"line":13,"column":55},"end":{"line":13,"column":57}}],"line":13}},"s":{"0":3,"1":9,"2":9,"3":9,"4":4,"5":4,"6":8,"7":4,"8":4,"9":5,"10":5},"f":{"0":9,"1":9,"2":8},"b":{"0":[4,5],"1":[8,4]},"meta":{"lastBranch":2,"lastFunction":3,"lastStatement":11,"seen":{"s:5:13:23:Infinity":0,"f:5:13:5:32":0,"s:6:4:22:Infinity":1,"f:6:4:6:12":1,"s:7:23:7:Infinity":2,"b:9:8:18:Infinity:undefined:undefined:undefined:undefined":0,"s:9:8:18:Infinity":3,"s:10:30:10:Infinity":4,"s:12:31:13:Infinity":5,"f:13:13:13:22":2,"s:13:37:13:57":6,"b:13:37:13:55:13:55:13:57":1,"s:15:12:15:Infinity":7,"s:17:12:17:Infinity":8,"s:20:4:20:Infinity":9,"s:21:4:21:Infinity":10}}}
,"C:\\Users\\ossam\\Desktop\\ToDoList_Nadifi\\src\\routes\\authRoutes.ts": {"path":"C:\\Users\\ossam\\Desktop\\ToDoList_Nadifi\\src\\routes\\authRoutes.ts","statementMap":{"0":{"start":{"line":6,"column":19},"end":{"line":6,"column":null}},"1":{"start":{"line":44,"column":0},"end":{"line":44,"column":null}},"2":{"start":{"line":86,"column":0},"end":{"line":86,"column":null}}},"fnMap":{},"branchMap":{},"s":{"0":3,"1":3,"2":3},"f":{},"b":{},"meta":{"lastBranch":0,"lastFunction":0,"lastStatement":3,"seen":{"s:6:19:6:Infinity":0,"s:44:0:44:Infinity":1,"s:86:0:86:Infinity":2}}}
,"C:\\Users\\ossam\\Desktop\\ToDoList_Nadifi\\src\\routes\\taskRoutes.ts": {"path":"C:\\Users\\ossam\\Desktop\\ToDoList_Nadifi\\src\\routes\\taskRoutes.ts","statementMap":{"0":{"start":{"line":7,"column":19},"end":{"line":7,"column":null}},"1":{"start":{"line":8,"column":0},"end":{"line":8,"column":null}},"2":{"start":{"line":31,"column":0},"end":{"line":31,"column":null}},"3":{"start":{"line":77,"column":0},"end":{"line":77,"column":null}},"4":{"start":{"line":113,"column":0},"end":{"line":113,"column":null}},"5":{"start":{"line":157,"column":0},"end":{"line":157,"column":null}},"6":{"start":{"line":188,"column":0},"end":{"line":188,"column":null}}},"fnMap":{},"branchMap":{},"s":{"0":3,"1":3,"2":3,"3":3,"4":3,"5":3,"6":3},"f":{},"b":{},"meta":{"lastBranch":0,"lastFunction":0,"lastStatement":7,"seen":{"s:7:19:7:Infinity":0,"s:8:0:8:Infinity":1,"s:31:0:31:Infinity":2,"s:77:0:77:Infinity":3,"s:113:0:113:Infinity":4,"s:157:0:157:Infinity":5,"s:188:0:188:Infinity":6}}}
,"C:\\Users\\ossam\\Desktop\\ToDoList_Nadifi\\src\\routes\\userRoutes.ts": {"path":"C:\\Users\\ossam\\Desktop\\ToDoList_Nadifi\\src\\routes\\userRoutes.ts","statementMap":{"0":{"start":{"line":5,"column":19},"end":{"line":5,"column":null}},"1":{"start":{"line":6,"column":0},"end":{"line":6,"column":null}},"2":{"start":{"line":28,"column":0},"end":{"line":28,"column":null}}},"fnMap":{},"branchMap":{},"s":{"0":3,"1":3,"2":3},"f":{},"b":{},"meta":{"lastBranch":0,"lastFunction":0,"lastStatement":3,"seen":{"s:5:19:5:Infinity":0,"s:6:0:6:Infinity":1,"s:28:0:28:Infinity":2}}}
,"C:\\Users\\ossam\\Desktop\\ToDoList_Nadifi\\src\\tests\\setup.ts": {"path":"C:\\Users\\ossam\\Desktop\\ToDoList_Nadifi\\src\\tests\\setup.ts","statementMap":{"0":{"start":{"line":6,"column":0},"end":{"line":6,"column":null}},"1":{"start":{"line":13,"column":4},"end":{"line":13,"column":null}},"2":{"start":{"line":18,"column":4},"end":{"line":18,"column":null}},"3":{"start":{"line":22,"column":13},"end":{"line":29,"column":null}},"4":{"start":{"line":23,"column":18},"end":{"line":23,"column":null}},"5":{"start":{"line":24,"column":16},"end":{"line":26,"column":null}},"6":{"start":{"line":28,"column":2},"end":{"line":28,"column":null}}},"fnMap":{"0":{"name":"startDB","decl":{"start":{"line":8,"column":22},"end":{"line":8,"column":31}},"loc":{"start":{"line":8,"column":31},"end":{"line":10,"column":null}},"line":8},"1":{"name":"dropTasks","decl":{"start":{"line":12,"column":22},"end":{"line":12,"column":33}},"loc":{"start":{"line":12,"column":33},"end":{"line":14,"column":null}},"line":12},"2":{"name":"disconnectDB","decl":{"start":{"line":17,"column":22},"end":{"line":17,"column":36}},"loc":{"start":{"line":17,"column":36},"end":{"line":19,"column":null}},"line":17},"3":{"name":"(anonymous_3)","decl":{"start":{"line":22,"column":13},"end":{"line":22,"column":34}},"loc":{"start":{"line":22,"column":54},"end":{"line":29,"column":null}},"line":22}},"branchMap":{},"s":{"0":3,"1":19,"2":2,"3":3,"4":5,"5":5,"6":5},"f":{"0":0,"1":19,"2":2,"3":5},"b":{},"meta":{"lastBranch":0,"lastFunction":4,"lastStatement":7,"seen":{"s:6:0:6:Infinity":0,"f:8:22:8:31":0,"f:12:22:12:33":1,"s:13:4:13:Infinity":1,"f:17:22:17:36":2,"s:18:4:18:Infinity":2,"s:22:13:29:Infinity":3,"f:22:13:22:34":3,"s:23:18:23:Infinity":4,"s:24:16:26:Infinity":5,"s:28:2:28:Infinity":6}}}
,"C:\\Users\\ossam\\Desktop\\ToDoList_Nadifi\\src\\validators\\authValidator.ts": {"path":"C:\\Users\\ossam\\Desktop\\ToDoList_Nadifi\\src\\validators\\authValidator.ts","statementMap":{"0":{"start":{"line":4,"column":23},"end":{"line":8,"column":null}},"1":{"start":{"line":11,"column":20},"end":{"line":14,"column":null}}},"fnMap":{},"branchMap":{},"s":{"0":3,"1":3},"f":{},"b":{},"meta":{"lastBranch":0,"lastFunction":0,"lastStatement":2,"seen":{"s:4:23:8:Infinity":0,"s:11:20:14:Infinity":1}}}
,"C:\\Users\\ossam\\Desktop\\ToDoList_Nadifi\\src\\validators\\taskValidator.ts": {"path":"C:\\Users\\ossam\\Desktop\\ToDoList_Nadifi\\src\\validators\\taskValidator.ts","statementMap":{"0":{"start":{"line":4,"column":19},"end":{"line":13,"column":null}},"1":{"start":{"line":8,"column":22},"end":{"line":10,"column":null}}},"fnMap":{"0":{"name":"(anonymous_0)","decl":{"start":{"line":8,"column":8},"end":{"line":8,"column":22}},"loc":{"start":{"line":8,"column":22},"end":{"line":10,"column":null}},"line":8}},"branchMap":{},"s":{"0":3,"1":1},"f":{"0":1},"b":{},"meta":{"lastBranch":0,"lastFunction":1,"lastStatement":2,"seen":{"s:4:19:13:Infinity":0,"f:8:8:8:22":0,"s:8:22:10:Infinity":1}}}
}
