{"C:\\Users\\ossam\\Desktop\\ToDoList_Nadifi\\generated\\prisma\\client\\client.ts": {"path":"C:\\Users\\ossam\\Desktop\\ToDoList_Nadifi\\generated\\prisma\\client\\client.ts","statementMap":{"0":{"start":{"line":16,"column":0},"end":{"line":16,"column":null}},"1":{"start":{"line":40,"column":28},"end":{"line":40,"column":null}}},"fnMap":{},"branchMap":{},"s":{"0":3,"1":3},"f":{},"b":{},"meta":{"lastBranch":0,"lastFunction":0,"lastStatement":2,"seen":{"s:16:0:16:Infinity":0,"s:40:28:40:Infinity":1}}}
,"C:\\Users\\ossam\\Desktop\\ToDoList_Nadifi\\generated\\prisma\\client\\enums.ts": {"path":"C:\\Users\\ossam\\Desktop\\ToDoList_Nadifi\\generated\\prisma\\client\\enums.ts","statementMap":{"0":{"start":{"line":12,"column":26},"end":{"line":15,"column":null}}},"fnMap":{},"branchMap":{},"s":{"0":3},"f":{},"b":{},"meta":{"lastBranch":0,"lastFunction":0,"lastStatement":1,"seen":{"s:12:26:15:Infinity":0}}}
,"C:\\Users\\ossam\\Desktop\\ToDoList_Nadifi\\generated\\prisma\\client\\internal\\class.ts": {"path":"C:\\Users\\ossam\\Desktop\\ToDoList_Nadifi\\generated\\prisma\\client\\internal\\class.ts","statementMap":{"0":{"start":{"line":18,"column":46},"end":{"line":33,"column":null}},"1":{"start":{"line":35,"column":0},"end":{"line":35,"column":null}},"2":{"start":{"line":36,"column":0},"end":{"line":39,"column":null}},"3":{"start":{"line":42,"column":21},"end":{"line":42,"column":null}},"4":{"start":{"line":43,"column":20},"end":{"line":43,"column":null}},"5":{"start":{"line":44,"column":2},"end":{"line":44,"column":null}},"6":{"start":{"line":47,"column":0},"end":{"line":56,"column":null}},"7":{"start":{"line":48,"column":26},"end":{"line":48,"column":null}},"8":{"start":{"line":51,"column":21},"end":{"line":51,"column":null}},"9":{"start":{"line":52,"column":4},"end":{"line":52,"column":null}},"10":{"start":{"line":213,"column":2},"end":{"line":213,"column":null}}},"fnMap":{"0":{"name":"decodeBase64AsWasm","decl":{"start":{"line":41,"column":15},"end":{"line":41,"column":34}},"loc":{"start":{"line":41,"column":83},"end":{"line":45,"column":null}},"line":41},"1":{"name":"(anonymous_1)","decl":{"start":{"line":48,"column":14},"end":{"line":48,"column":26}},"loc":{"start":{"line":48,"column":26},"end":{"line":48,"column":null}},"line":48},"2":{"name":"(anonymous_2)","decl":{"start":{"line":50,"column":30},"end":{"line":50,"column":42}},"loc":{"start":{"line":50,"column":42},"end":{"line":53,"column":null}},"line":50},"3":{"name":"getPrismaClientClass","decl":{"start":{"line":212,"column":16},"end":{"line":212,"column":64}},"loc":{"start":{"line":212,"column":64},"end":{"line":214,"column":null}},"line":212}},"branchMap":{},"s":{"0":3,"1":3,"2":3,"3":3,"4":3,"5":3,"6":3,"7":3,"8":3,"9":3,"10":3},"f":{"0":3,"1":3,"2":3,"3":3},"b":{},"meta":{"lastBranch":0,"lastFunction":4,"lastStatement":11,"seen":{"s:18:46:33:Infinity":0,"s:35:0:35:Infinity":1,"s:36:0:39:Infinity":2,"f:41:15:41:34":0,"s:42:21:42:Infinity":3,"s:43:20:43:Infinity":4,"s:44:2:44:Infinity":5,"s:47:0:56:Infinity":6,"f:48:14:48:26":1,"s:48:26:48:Infinity":7,"f:50:30:50:42":2,"s:51:21:51:Infinity":8,"s:52:4:52:Infinity":9,"f:212:16:212:64":3,"s:213:2:213:Infinity":10}}}
,"C:\\Users\\ossam\\Desktop\\ToDoList_Nadifi\\generated\\prisma\\client\\internal\\prismaNamespace.ts": {"path":"C:\\Users\\ossam\\Desktop\\ToDoList_Nadifi\\generated\\prisma\\client\\internal\\prismaNamespace.ts","statementMap":{"0":{"start":{"line":32,"column":45},"end":{"line":32,"column":null}},"1":{"start":{"line":35,"column":47},"end":{"line":35,"column":null}},"2":{"start":{"line":38,"column":42},"end":{"line":38,"column":null}},"3":{"start":{"line":41,"column":47},"end":{"line":41,"column":null}},"4":{"start":{"line":44,"column":43},"end":{"line":44,"column":null}},"5":{"start":{"line":50,"column":19},"end":{"line":50,"column":null}},"6":{"start":{"line":51,"column":21},"end":{"line":51,"column":null}},"7":{"start":{"line":52,"column":20},"end":{"line":52,"column":null}},"8":{"start":{"line":53,"column":19},"end":{"line":53,"column":null}},"9":{"start":{"line":54,"column":19},"end":{"line":54,"column":null}},"10":{"start":{"line":62,"column":23},"end":{"line":62,"column":null}},"11":{"start":{"line":71,"column":35},"end":{"line":71,"column":null}},"12":{"start":{"line":86,"column":44},"end":{"line":89,"column":null}},"13":{"start":{"line":104,"column":25},"end":{"line":108,"column":null}},"14":{"start":{"line":114,"column":22},"end":{"line":114,"column":null}},"15":{"start":{"line":121,"column":24},"end":{"line":121,"column":null}},"16":{"start":{"line":128,"column":23},"end":{"line":128,"column":null}},"17":{"start":{"line":386,"column":25},"end":{"line":389,"column":null}},"18":{"start":{"line":585,"column":41},"end":{"line":590,"column":null}},"19":{"start":{"line":595,"column":35},"end":{"line":600,"column":null}},"20":{"start":{"line":605,"column":35},"end":{"line":611,"column":null}},"21":{"start":{"line":616,"column":25},"end":{"line":619,"column":null}},"22":{"start":{"line":624,"column":25},"end":{"line":627,"column":null}},"23":{"start":{"line":686,"column":31},"end":{"line":686,"column":null}}},"fnMap":{},"branchMap":{},"s":{"0":3,"1":3,"2":3,"3":3,"4":3,"5":3,"6":3,"7":3,"8":3,"9":3,"10":3,"11":3,"12":3,"13":3,"14":3,"15":3,"16":3,"17":3,"18":3,"19":3,"20":3,"21":3,"22":3,"23":3},"f":{},"b":{},"meta":{"lastBranch":0,"lastFunction":0,"lastStatement":24,"seen":{"s:32:45:32:Infinity":0,"s:35:47:35:Infinity":1,"s:38:42:38:Infinity":2,"s:41:47:41:Infinity":3,"s:44:43:44:Infinity":4,"s:50:19:50:Infinity":5,"s:51:21:51:Infinity":6,"s:52:20:52:Infinity":7,"s:53:19:53:Infinity":8,"s:54:19:54:Infinity":9,"s:62:23:62:Infinity":10,"s:71:35:71:Infinity":11,"s:86:44:89:Infinity":12,"s:104:25:108:Infinity":13,"s:114:22:114:Infinity":14,"s:121:24:121:Infinity":15,"s:128:23:128:Infinity":16,"s:386:25:389:Infinity":17,"s:585:41:590:Infinity":18,"s:595:35:600:Infinity":19,"s:605:35:611:Infinity":20,"s:616:25:619:Infinity":21,"s:624:25:627:Infinity":22,"s:686:31:686:Infinity":23}}}
,"C:\\Users\\ossam\\Desktop\\ToDoList_Nadifi\\src\\app.ts": {"path":"C:\\Users\\ossam\\Desktop\\ToDoList_Nadifi\\src\\app.ts","statementMap":{"0":{"start":{"line":7,"column":0},"end":{"line":7,"column":null}},"1":{"start":{"line":9,"column":0},"end":{"line":9,"column":null}},"2":{"start":{"line":18,"column":6},"end":{"line":18,"column":null}},"3":{"start":{"line":21,"column":0},"end":{"line":21,"column":null}},"4":{"start":{"line":22,"column":0},"end":{"line":22,"column":null}},"5":{"start":{"line":23,"column":0},"end":{"line":23,"column":null}},"6":{"start":{"line":26,"column":0},"end":{"line":26,"column":null}},"7":{"start":{"line":27,"column":0},"end":{"line":27,"column":null}},"8":{"start":{"line":28,"column":0},"end":{"line":28,"column":null}},"9":{"start":{"line":30,"column":0},"end":{"line":30,"column":null}}},"fnMap":{},"branchMap":{},"s":{"0":3,"1":3,"2":3,"3":3,"4":3,"5":3,"6":3,"7":3,"8":3,"9":3},"f":{},"b":{},"meta":{"lastBranch":0,"lastFunction":0,"lastStatement":10,"seen":{"s:7:0:7:Infinity":0,"s:9:0:9:Infinity":1,"s:18:6:18:Infinity":2,"s:21:0:21:Infinity":3,"s:22:0:22:Infinity":4,"s:23:0:23:Infinity":5,"s:26:0:26:Infinity":6,"s:27:0:27:Infinity":7,"s:28:0:28:Infinity":8,"s:30:0:30:Infinity":9}}}
,"C:\\Users\\ossam\\Desktop\\ToDoList_Nadifi\\src\\auth\\generateToken.ts": {"path":"C:\\Users\\ossam\\Desktop\\ToDoList_Nadifi\\src\\auth\\generateToken.ts","statementMap":{"0":{"start":{"line":6,"column":13},"end":{"line":19,"column":null}},"1":{"start":{"line":7,"column":18},"end":{"line":7,"column":null}},"2":{"start":{"line":8,"column":16},"end":{"line":10,"column":null}},"3":{"start":{"line":12,"column":2},"end":{"line":16,"column":null}},"4":{"start":{"line":18,"column":2},"end":{"line":18,"column":null}}},"fnMap":{"0":{"name":"(anonymous_0)","decl":{"start":{"line":6,"column":13},"end":{"line":6,"column":30}},"loc":{"start":{"line":6,"column":66},"end":{"line":19,"column":null}},"line":6}},"branchMap":{},"s":{"0":3,"1":1,"2":1,"3":1,"4":1},"f":{"0":1},"b":{},"meta":{"lastBranch":0,"lastFunction":1,"lastStatement":5,"seen":{"s:6:13:19:Infinity":0,"f:6:13:6:30":0,"s:7:18:7:Infinity":1,"s:8:16:10:Infinity":2,"s:12:2:16:Infinity":3,"s:18:2:18:Infinity":4}}}
,"C:\\Users\\ossam\\Desktop\\ToDoList_Nadifi\\src\\controllers\\authController.ts": {"path":"C:\\Users\\ossam\\Desktop\\ToDoList_Nadifi\\src\\controllers\\authController.ts","statementMap":{"0":{"start":{"line":9,"column":13},"end":{"line":24,"column":null}},"1":{"start":{"line":10,"column":34},"end":{"line":10,"column":null}},"2":{"start":{"line":11,"column":17},"end":{"line":11,"column":null}},"3":{"start":{"line":13,"column":4},"end":{"line":22,"column":null}},"4":{"start":{"line":27,"column":13},"end":{"line":42,"column":null}},"5":{"start":{"line":28,"column":28},"end":{"line":28,"column":null}},"6":{"start":{"line":29,"column":17},"end":{"line":29,"column":null}},"7":{"start":{"line":30,"column":10},"end":{"line":30,"column":null}},"8":{"start":{"line":32,"column":4},"end":{"line":41,"column":null}}},"fnMap":{"0":{"name":"(anonymous_0)","decl":{"start":{"line":9,"column":38},"end":{"line":9,"column":45}},"loc":{"start":{"line":9,"column":92},"end":{"line":24,"column":1}},"line":9},"1":{"name":"(anonymous_1)","decl":{"start":{"line":27,"column":35},"end":{"line":27,"column":42}},"loc":{"start":{"line":27,"column":89},"end":{"line":42,"column":1}},"line":27}},"branchMap":{},"s":{"0":3,"1":2,"2":2,"3":1,"4":3,"5":2,"6":2,"7":1,"8":1},"f":{"0":2,"1":2},"b":{},"meta":{"lastBranch":0,"lastFunction":2,"lastStatement":9,"seen":{"s:9:13:24:Infinity":0,"f:9:38:9:45":0,"s:10:34:10:Infinity":1,"s:11:17:11:Infinity":2,"s:13:4:22:Infinity":3,"s:27:13:42:Infinity":4,"f:27:35:27:42":1,"s:28:28:28:Infinity":5,"s:29:17:29:Infinity":6,"s:30:10:30:Infinity":7,"s:32:4:41:Infinity":8}}}
,"C:\\Users\\ossam\\Desktop\\ToDoList_Nadifi\\src\\controllers\\taskController.ts": {"path":"C:\\Users\\ossam\\Desktop\\ToDoList_Nadifi\\src\\controllers\\taskController.ts","statementMap":{"0":{"start":{"line":9,"column":13},"end":{"line":23,"column":null}},"1":{"start":{"line":10,"column":18},"end":{"line":10,"column":null}},"2":{"start":{"line":11,"column":21},"end":{"line":11,"column":null}},"3":{"start":{"line":13,"column":10},"end":{"line":13,"column":null}},"4":{"start":{"line":14,"column":17},"end":{"line":14,"column":null}},"5":{"start":{"line":15,"column":18},"end":{"line":15,"column":null}},"6":{"start":{"line":17,"column":4},"end":{"line":22,"column":null}},"7":{"start":{"line":26,"column":13},"end":{"line":36,"column":null}},"8":{"start":{"line":27,"column":40},"end":{"line":27,"column":null}},"9":{"start":{"line":28,"column":20},"end":{"line":28,"column":null}},"10":{"start":{"line":30,"column":4},"end":{"line":35,"column":null}},"11":{"start":{"line":39,"column":13},"end":{"line":47,"column":null}},"12":{"start":{"line":40,"column":17},"end":{"line":40,"column":null}},"13":{"start":{"line":41,"column":4},"end":{"line":46,"column":null}},"14":{"start":{"line":50,"column":13},"end":{"line":61,"column":null}},"15":{"start":{"line":51,"column":42},"end":{"line":51,"column":null}},"16":{"start":{"line":52,"column":24},"end":{"line":52,"column":null}},"17":{"start":{"line":54,"column":4},"end":{"line":60,"column":null}},"18":{"start":{"line":64,"column":13},"end":{"line":71,"column":null}},"19":{"start":{"line":65,"column":4},"end":{"line":65,"column":null}},"20":{"start":{"line":67,"column":4},"end":{"line":70,"column":null}}},"fnMap":{"0":{"name":"(anonymous_0)","decl":{"start":{"line":9,"column":42},"end":{"line":9,"column":49}},"loc":{"start":{"line":9,"column":96},"end":{"line":23,"column":1}},"line":9},"1":{"name":"(anonymous_1)","decl":{"start":{"line":26,"column":40},"end":{"line":26,"column":47}},"loc":{"start":{"line":26,"column":94},"end":{"line":36,"column":1}},"line":26},"2":{"name":"(anonymous_2)","decl":{"start":{"line":39,"column":37},"end":{"line":39,"column":44}},"loc":{"start":{"line":39,"column":91},"end":{"line":47,"column":1}},"line":39},"3":{"name":"(anonymous_3)","decl":{"start":{"line":50,"column":40},"end":{"line":50,"column":47}},"loc":{"start":{"line":50,"column":94},"end":{"line":61,"column":1}},"line":50},"4":{"name":"(anonymous_4)","decl":{"start":{"line":64,"column":40},"end":{"line":64,"column":47}},"loc":{"start":{"line":64,"column":94},"end":{"line":71,"column":1}},"line":64}},"branchMap":{"0":{"loc":{"start":{"line":10,"column":18},"end":{"line":10,"column":null}},"type":"binary-expr","locations":[{"start":{"line":10,"column":18},"end":{"line":10,"column":44}},{"start":{"line":10,"column":44},"end":{"line":10,"column":null}}],"line":10},"1":{"loc":{"start":{"line":11,"column":21},"end":{"line":11,"column":null}},"type":"binary-expr","locations":[{"start":{"line":11,"column":21},"end":{"line":11,"column":51}},{"start":{"line":11,"column":51},"end":{"line":11,"column":null}}],"line":11}},"s":{"0":3,"1":2,"2":2,"3":2,"4":2,"5":2,"6":2,"7":3,"8":1,"9":1,"10":1,"11":3,"12":3,"13":1,"14":3,"15":3,"16":3,"17":1,"18":3,"19":3,"20":1},"f":{"0":2,"1":1,"2":3,"3":3,"4":3},"b":{"0":[2,2],"1":[2,2]},"meta":{"lastBranch":2,"lastFunction":5,"lastStatement":21,"seen":{"s:9:13:23:Infinity":0,"f:9:42:9:49":0,"s:10:18:10:Infinity":1,"b:10:18:10:44:10:44:10:Infinity":0,"s:11:21:11:Infinity":2,"b:11:21:11:51:11:51:11:Infinity":1,"s:13:10:13:Infinity":3,"s:14:17:14:Infinity":4,"s:15:18:15:Infinity":5,"s:17:4:22:Infinity":6,"s:26:13:36:Infinity":7,"f:26:40:26:47":1,"s:27:40:27:Infinity":8,"s:28:20:28:Infinity":9,"s:30:4:35:Infinity":10,"s:39:13:47:Infinity":11,"f:39:37:39:44":2,"s:40:17:40:Infinity":12,"s:41:4:46:Infinity":13,"s:50:13:61:Infinity":14,"f:50:40:50:47":3,"s:51:42:51:Infinity":15,"s:52:24:52:Infinity":16,"s:54:4:60:Infinity":17,"s:64:13:71:Infinity":18,"f:64:40:64:47":4,"s:65:4:65:Infinity":19,"s:67:4:70:Infinity":20}}}
,"C:\\Users\\ossam\\Desktop\\ToDoList_Nadifi\\src\\controllers\\userController.ts": {"path":"C:\\Users\\ossam\\Desktop\\ToDoList_Nadifi\\src\\controllers\\userController.ts","statementMap":{"0":{"start":{"line":7,"column":13},"end":{"line":16,"column":null}},"1":{"start":{"line":8,"column":17},"end":{"line":8,"column":null}},"2":{"start":{"line":10,"column":4},"end":{"line":15,"column":null}}},"fnMap":{"0":{"name":"(anonymous_0)","decl":{"start":{"line":7,"column":41},"end":{"line":7,"column":48}},"loc":{"start":{"line":7,"column":95},"end":{"line":16,"column":1}},"line":7}},"branchMap":{},"s":{"0":3,"1":1,"2":1},"f":{"0":1},"b":{},"meta":{"lastBranch":0,"lastFunction":1,"lastStatement":3,"seen":{"s:7:13:16:Infinity":0,"f:7:41:7:48":0,"s:8:17:8:Infinity":1,"s:10:4:15:Infinity":2}}}
,"C:\\Users\\ossam\\Desktop\\ToDoList_Nadifi\\src\\db\\db.ts": {"path":"C:\\Users\\ossam\\Desktop\\ToDoList_Nadifi\\src\\db\\db.ts","statementMap":{"0":{"start":{"line":6,"column":25},"end":{"line":6,"column":null}},"1":{"start":{"line":8,"column":16},"end":{"line":8,"column":null}},"2":{"start":{"line":9,"column":15},"end":{"line":9,"column":null}},"3":{"start":{"line":13,"column":25},"end":{"line":21,"column":null}},"4":{"start":{"line":14,"column":4},"end":{"line":20,"column":null}},"5":{"start":{"line":15,"column":8},"end":{"line":15,"column":null}},"6":{"start":{"line":16,"column":8},"end":{"line":16,"column":null}},"7":{"start":{"line":18,"column":8},"end":{"line":18,"column":null}},"8":{"start":{"line":19,"column":8},"end":{"line":19,"column":null}},"9":{"start":{"line":23,"column":28},"end":{"line":25,"column":null}},"10":{"start":{"line":24,"column":4},"end":{"line":24,"column":null}}},"fnMap":{"0":{"name":"(anonymous_0)","decl":{"start":{"line":13,"column":25},"end":{"line":13,"column":37}},"loc":{"start":{"line":13,"column":37},"end":{"line":21,"column":null}},"line":13},"1":{"name":"(anonymous_1)","decl":{"start":{"line":23,"column":28},"end":{"line":23,"column":40}},"loc":{"start":{"line":23,"column":40},"end":{"line":25,"column":null}},"line":23}},"branchMap":{},"s":{"0":3,"1":3,"2":3,"3":3,"4":3,"5":3,"6":3,"7":0,"8":0,"9":3,"10":0},"f":{"0":3,"1":0},"b":{},"meta":{"lastBranch":0,"lastFunction":2,"lastStatement":11,"seen":{"s:6:25:6:Infinity":0,"s:8:16:8:Infinity":1,"s:9:15:9:Infinity":2,"s:13:25:21:Infinity":3,"f:13:25:13:37":0,"s:14:4:20:Infinity":4,"s:15:8:15:Infinity":5,"s:16:8:16:Infinity":6,"s:18:8:18:Infinity":7,"s:19:8:19:Infinity":8,"s:23:28:25:Infinity":9,"f:23:28:23:40":1,"s:24:4:24:Infinity":10}}}
,"C:\\Users\\ossam\\Desktop\\ToDoList_Nadifi\\src\\middleware\\authMiddleware.ts": {"path":"C:\\Users\\ossam\\Desktop\\ToDoList_Nadifi\\src\\middleware\\authMiddleware.ts","statementMap":{"0":{"start":{"line":8,"column":13},"end":{"line":39,"column":null}},"1":{"start":{"line":10,"column":4},"end":{"line":16,"column":null}},"2":{"start":{"line":11,"column":8},"end":{"line":11,"column":null}},"3":{"start":{"line":13,"column":9},"end":{"line":16,"column":null}},"4":{"start":{"line":14,"column":8},"end":{"line":14,"column":null}},"5":{"start":{"line":15,"column":8},"end":{"line":15,"column":null}},"6":{"start":{"line":18,"column":4},"end":{"line":20,"column":null}},"7":{"start":{"line":19,"column":8},"end":{"line":19,"column":null}},"8":{"start":{"line":22,"column":4},"end":{"line":38,"column":null}},"9":{"start":{"line":23,"column":24},"end":{"line":23,"column":null}},"10":{"start":{"line":25,"column":21},"end":{"line":27,"column":null}},"11":{"start":{"line":29,"column":8},"end":{"line":31,"column":null}},"12":{"start":{"line":30,"column":12},"end":{"line":30,"column":null}},"13":{"start":{"line":33,"column":8},"end":{"line":33,"column":null}},"14":{"start":{"line":34,"column":8},"end":{"line":34,"column":null}},"15":{"start":{"line":37,"column":8},"end":{"line":37,"column":null}}},"fnMap":{"0":{"name":"(anonymous_0)","decl":{"start":{"line":8,"column":44},"end":{"line":8,"column":51}},"loc":{"start":{"line":8,"column":104},"end":{"line":39,"column":1}},"line":8}},"branchMap":{"0":{"loc":{"start":{"line":10,"column":4},"end":{"line":16,"column":null}},"type":"if","locations":[{"start":{"line":10,"column":4},"end":{"line":16,"column":null}},{"start":{"line":13,"column":9},"end":{"line":16,"column":null}}],"line":10},"1":{"loc":{"start":{"line":10,"column":8},"end":{"line":10,"column":86}},"type":"binary-expr","locations":[{"start":{"line":10,"column":8},"end":{"line":10,"column":37}},{"start":{"line":10,"column":37},"end":{"line":10,"column":86}}],"line":10},"2":{"loc":{"start":{"line":13,"column":9},"end":{"line":16,"column":null}},"type":"if","locations":[{"start":{"line":13,"column":9},"end":{"line":16,"column":null}},{"start":{},"end":{}}],"line":13},"3":{"loc":{"start":{"line":18,"column":4},"end":{"line":20,"column":null}},"type":"if","locations":[{"start":{"line":18,"column":4},"end":{"line":20,"column":null}},{"start":{},"end":{}}],"line":18},"4":{"loc":{"start":{"line":29,"column":8},"end":{"line":31,"column":null}},"type":"if","locations":[{"start":{"line":29,"column":8},"end":{"line":31,"column":null}},{"start":{},"end":{}}],"line":29}},"s":{"0":3,"1":21,"2":16,"3":5,"4":0,"5":0,"6":21,"7":5,"8":16,"9":16,"10":16,"11":15,"12":0,"13":15,"14":15,"15":1},"f":{"0":21},"b":{"0":[16,5],"1":[21,16],"2":[0,5],"3":[5,16],"4":[0,15]},"meta":{"lastBranch":5,"lastFunction":1,"lastStatement":16,"seen":{"s:8:13:39:Infinity":0,"f:8:44:8:51":0,"b:10:4:16:Infinity:13:9:16:Infinity":0,"s:10:4:16:Infinity":1,"b:10:8:10:37:10:37:10:86":1,"s:11:8:11:Infinity":2,"b:13:9:16:Infinity:undefined:undefined:undefined:undefined":2,"s:13:9:16:Infinity":3,"s:14:8:14:Infinity":4,"s:15:8:15:Infinity":5,"b:18:4:20:Infinity:undefined:undefined:undefined:undefined":3,"s:18:4:20:Infinity":6,"s:19:8:19:Infinity":7,"s:22:4:38:Infinity":8,"s:23:24:23:Infinity":9,"s:25:21:27:Infinity":10,"b:29:8:31:Infinity:undefined:undefined:undefined:undefined":4,"s:29:8:31:Infinity":11,"s:30:12:30:Infinity":12,"s:33:8:33:Infinity":13,"s:34:8:34:Infinity":14,"s:37:8:37:Infinity":15}}}
,"C:\\Users\\ossam\\Desktop\\ToDoList_Nadifi\\src\\middleware\\errorMiddleware.ts": {"path":"C:\\Users\\ossam\\Desktop\\ToDoList_Nadifi\\src\\middleware\\errorMiddleware.ts","statementMap":{"0":{"start":{"line":4,"column":13},"end":{"line":11,"column":null}},"1":{"start":{"line":5,"column":17},"end":{"line":5,"column":null}},"2":{"start":{"line":7,"column":2},"end":{"line":10,"column":null}}},"fnMap":{"0":{"name":"(anonymous_0)","decl":{"start":{"line":4,"column":13},"end":{"line":4,"column":32}},"loc":{"start":{"line":4,"column":94},"end":{"line":11,"column":null}},"line":4}},"branchMap":{"0":{"loc":{"start":{"line":5,"column":17},"end":{"line":5,"column":null}},"type":"binary-expr","locations":[{"start":{"line":5,"column":17},"end":{"line":5,"column":35}},{"start":{"line":5,"column":35},"end":{"line":5,"column":null}}],"line":5},"1":{"loc":{"start":{"line":9,"column":13},"end":{"line":9,"column":null}},"type":"binary-expr","locations":[{"start":{"line":9,"column":13},"end":{"line":9,"column":28}},{"start":{"line":9,"column":28},"end":{"line":9,"column":null}}],"line":9}},"s":{"0":3,"1":14,"2":14},"f":{"0":14},"b":{"0":[14,0],"1":[14,0]},"meta":{"lastBranch":2,"lastFunction":1,"lastStatement":3,"seen":{"s:4:13:11:Infinity":0,"f:4:13:4:32":0,"s:5:17:5:Infinity":1,"b:5:17:5:35:5:35:5:Infinity":0,"s:7:2:10:Infinity":2,"b:9:13:9:28:9:28:9:Infinity":1}}}
,"C:\\Users\\ossam\\Desktop\\ToDoList_Nadifi\\src\\middleware\\validateRequest.ts": {"path":"C:\\Users\\ossam\\Desktop\\ToDoList_Nadifi\\src\\middleware\\validateRequest.ts","statementMap":{"0":{"start":{"line":5,"column":13},"end":{"line":23,"column":null}},"1":{"start":{"line":6,"column":4},"end":{"line":22,"column":null}},"2":{"start":{"line":7,"column":23},"end":{"line":7,"column":null}},"3":{"start":{"line":9,"column":8},"end":{"line":18,"column":null}},"4":{"start":{"line":10,"column":30},"end":{"line":10,"column":null}},"5":{"start":{"line":12,"column":31},"end":{"line":13,"column":null}},"6":{"start":{"line":13,"column":37},"end":{"line":13,"column":57}},"7":{"start":{"line":15,"column":12},"end":{"line":15,"column":null}},"8":{"start":{"line":17,"column":12},"end":{"line":17,"column":null}},"9":{"start":{"line":20,"column":8},"end":{"line":20,"column":null}},"10":{"start":{"line":21,"column":8},"end":{"line":21,"column":null}}},"fnMap":{"0":{"name":"(anonymous_0)","decl":{"start":{"line":5,"column":13},"end":{"line":5,"column":32}},"loc":{"start":{"line":5,"column":57},"end":{"line":23,"column":null}},"line":5},"1":{"name":"(anonymous_1)","decl":{"start":{"line":6,"column":4},"end":{"line":6,"column":12}},"loc":{"start":{"line":6,"column":65},"end":{"line":22,"column":null}},"line":6},"2":{"name":"(anonymous_2)","decl":{"start":{"line":13,"column":13},"end":{"line":13,"column":22}},"loc":{"start":{"line":13,"column":37},"end":{"line":13,"column":57}},"line":13}},"branchMap":{"0":{"loc":{"start":{"line":9,"column":8},"end":{"line":18,"column":null}},"type":"if","locations":[{"start":{"line":9,"column":8},"end":{"line":18,"column":null}},{"start":{},"end":{}}],"line":9},"1":{"loc":{"start":{"line":13,"column":37},"end":{"line":13,"column":57}},"type":"binary-expr","locations":[{"start":{"line":13,"column":37},"end":{"line":13,"column":55}},{"start":{"line":13,"column":55},"end":{"line":13,"column":57}}],"line":13}},"s":{"0":3,"1":9,"2":9,"3":9,"4":4,"5":4,"6":8,"7":4,"8":4,"9":5,"10":5},"f":{"0":9,"1":9,"2":8},"b":{"0":[4,5],"1":[8,4]},"meta":{"lastBranch":2,"lastFunction":3,"lastStatement":11,"seen":{"s:5:13:23:Infinity":0,"f:5:13:5:32":0,"s:6:4:22:Infinity":1,"f:6:4:6:12":1,"s:7:23:7:Infinity":2,"b:9:8:18:Infinity:undefined:undefined:undefined:undefined":0,"s:9:8:18:Infinity":3,"s:10:30:10:Infinity":4,"s:12:31:13:Infinity":5,"f:13:13:13:22":2,"s:13:37:13:57":6,"b:13:37:13:55:13:55:13:57":1,"s:15:12:15:Infinity":7,"s:17:12:17:Infinity":8,"s:20:8:20:Infinity":9,"s:21:8:21:Infinity":10}}}
,"C:\\Users\\ossam\\Desktop\\ToDoList_Nadifi\\src\\routes\\authRoutes.ts": {"path":"C:\\Users\\ossam\\Desktop\\ToDoList_Nadifi\\src\\routes\\authRoutes.ts","statementMap":{"0":{"start":{"line":6,"column":19},"end":{"line":6,"column":null}},"1":{"start":{"line":44,"column":0},"end":{"line":44,"column":null}},"2":{"start":{"line":86,"column":0},"end":{"line":86,"column":null}}},"fnMap":{},"branchMap":{},"s":{"0":3,"1":3,"2":3},"f":{},"b":{},"meta":{"lastBranch":0,"lastFunction":0,"lastStatement":3,"seen":{"s:6:19:6:Infinity":0,"s:44:0:44:Infinity":1,"s:86:0:86:Infinity":2}}}
,"C:\\Users\\ossam\\Desktop\\ToDoList_Nadifi\\src\\routes\\taskRoutes.ts": {"path":"C:\\Users\\ossam\\Desktop\\ToDoList_Nadifi\\src\\routes\\taskRoutes.ts","statementMap":{"0":{"start":{"line":7,"column":19},"end":{"line":7,"column":null}},"1":{"start":{"line":8,"column":0},"end":{"line":8,"column":null}},"2":{"start":{"line":31,"column":0},"end":{"line":31,"column":null}},"3":{"start":{"line":77,"column":0},"end":{"line":77,"column":null}},"4":{"start":{"line":113,"column":0},"end":{"line":113,"column":null}},"5":{"start":{"line":157,"column":0},"end":{"line":157,"column":null}},"6":{"start":{"line":188,"column":0},"end":{"line":188,"column":null}}},"fnMap":{},"branchMap":{},"s":{"0":3,"1":3,"2":3,"3":3,"4":3,"5":3,"6":3},"f":{},"b":{},"meta":{"lastBranch":0,"lastFunction":0,"lastStatement":7,"seen":{"s:7:19:7:Infinity":0,"s:8:0:8:Infinity":1,"s:31:0:31:Infinity":2,"s:77:0:77:Infinity":3,"s:113:0:113:Infinity":4,"s:157:0:157:Infinity":5,"s:188:0:188:Infinity":6}}}
,"C:\\Users\\ossam\\Desktop\\ToDoList_Nadifi\\src\\routes\\userRoutes.ts": {"path":"C:\\Users\\ossam\\Desktop\\ToDoList_Nadifi\\src\\routes\\userRoutes.ts","statementMap":{"0":{"start":{"line":5,"column":19},"end":{"line":5,"column":null}},"1":{"start":{"line":6,"column":0},"end":{"line":6,"column":null}},"2":{"start":{"line":28,"column":0},"end":{"line":28,"column":null}}},"fnMap":{},"branchMap":{},"s":{"0":3,"1":3,"2":3},"f":{},"b":{},"meta":{"lastBranch":0,"lastFunction":0,"lastStatement":3,"seen":{"s:5:19:5:Infinity":0,"s:6:0:6:Infinity":1,"s:28:0:28:Infinity":2}}}
,"C:\\Users\\ossam\\Desktop\\ToDoList_Nadifi\\src\\services\\authService.ts": {"path":"C:\\Users\\ossam\\Desktop\\ToDoList_Nadifi\\src\\services\\authService.ts","statementMap":{"0":{"start":{"line":5,"column":31},"end":{"line":23,"column":null}},"1":{"start":{"line":6,"column":23},"end":{"line":8,"column":null}},"2":{"start":{"line":10,"column":8},"end":{"line":12,"column":null}},"3":{"start":{"line":11,"column":12},"end":{"line":11,"column":null}},"4":{"start":{"line":14,"column":21},"end":{"line":20,"column":null}},"5":{"start":{"line":22,"column":4},"end":{"line":22,"column":null}},"6":{"start":{"line":25,"column":28},"end":{"line":39,"column":null}},"7":{"start":{"line":27,"column":17},"end":{"line":32,"column":null}},"8":{"start":{"line":34,"column":4},"end":{"line":36,"column":null}},"9":{"start":{"line":35,"column":8},"end":{"line":35,"column":null}},"10":{"start":{"line":38,"column":4},"end":{"line":38,"column":null}}},"fnMap":{"0":{"name":"(anonymous_0)","decl":{"start":{"line":5,"column":31},"end":{"line":5,"column":38}},"loc":{"start":{"line":5,"column":84},"end":{"line":23,"column":null}},"line":5},"1":{"name":"(anonymous_1)","decl":{"start":{"line":25,"column":28},"end":{"line":25,"column":35}},"loc":{"start":{"line":25,"column":67},"end":{"line":39,"column":null}},"line":25}},"branchMap":{"0":{"loc":{"start":{"line":10,"column":8},"end":{"line":12,"column":null}},"type":"if","locations":[{"start":{"line":10,"column":8},"end":{"line":12,"column":null}},{"start":{},"end":{}}],"line":10},"1":{"loc":{"start":{"line":34,"column":4},"end":{"line":36,"column":null}},"type":"if","locations":[{"start":{"line":34,"column":4},"end":{"line":36,"column":null}},{"start":{},"end":{}}],"line":34}},"s":{"0":3,"1":2,"2":2,"3":1,"4":1,"5":1,"6":3,"7":2,"8":2,"9":1,"10":1},"f":{"0":2,"1":2},"b":{"0":[1,1],"1":[1,1]},"meta":{"lastBranch":2,"lastFunction":2,"lastStatement":11,"seen":{"s:5:31:23:Infinity":0,"f:5:31:5:38":0,"s:6:23:8:Infinity":1,"b:10:8:12:Infinity:undefined:undefined:undefined:undefined":0,"s:10:8:12:Infinity":2,"s:11:12:11:Infinity":3,"s:14:21:20:Infinity":4,"s:22:4:22:Infinity":5,"s:25:28:39:Infinity":6,"f:25:28:25:35":1,"s:27:17:32:Infinity":7,"b:34:4:36:Infinity:undefined:undefined:undefined:undefined":1,"s:34:4:36:Infinity":8,"s:35:8:35:Infinity":9,"s:38:4:38:Infinity":10}}}
,"C:\\Users\\ossam\\Desktop\\ToDoList_Nadifi\\src\\services\\taskService.ts": {"path":"C:\\Users\\ossam\\Desktop\\ToDoList_Nadifi\\src\\services\\taskService.ts","statementMap":{"0":{"start":{"line":13,"column":31},"end":{"line":23,"column":null}},"1":{"start":{"line":14,"column":18},"end":{"line":20,"column":null}},"2":{"start":{"line":22,"column":4},"end":{"line":22,"column":null}},"3":{"start":{"line":25,"column":30},"end":{"line":36,"column":null}},"4":{"start":{"line":26,"column":20},"end":{"line":33,"column":null}},"5":{"start":{"line":35,"column":4},"end":{"line":35,"column":null}},"6":{"start":{"line":38,"column":30},"end":{"line":52,"column":null}},"7":{"start":{"line":39,"column":17},"end":{"line":41,"column":null}},"8":{"start":{"line":43,"column":4},"end":{"line":45,"column":null}},"9":{"start":{"line":44,"column":8},"end":{"line":44,"column":null}},"10":{"start":{"line":47,"column":4},"end":{"line":49,"column":null}},"11":{"start":{"line":48,"column":8},"end":{"line":48,"column":null}},"12":{"start":{"line":51,"column":4},"end":{"line":51,"column":null}},"13":{"start":{"line":54,"column":33},"end":{"line":80,"column":null}},"14":{"start":{"line":55,"column":17},"end":{"line":57,"column":null}},"15":{"start":{"line":59,"column":4},"end":{"line":61,"column":null}},"16":{"start":{"line":60,"column":8},"end":{"line":60,"column":null}},"17":{"start":{"line":63,"column":4},"end":{"line":65,"column":null}},"18":{"start":{"line":64,"column":8},"end":{"line":64,"column":null}},"19":{"start":{"line":67,"column":32},"end":{"line":67,"column":null}},"20":{"start":{"line":70,"column":4},"end":{"line":70,"column":null}},"21":{"start":{"line":70,"column":79},"end":{"line":70,"column":null}},"22":{"start":{"line":71,"column":4},"end":{"line":71,"column":null}},"23":{"start":{"line":71,"column":29},"end":{"line":71,"column":null}},"24":{"start":{"line":72,"column":4},"end":{"line":72,"column":null}},"25":{"start":{"line":72,"column":35},"end":{"line":72,"column":null}},"26":{"start":{"line":74,"column":24},"end":{"line":77,"column":null}},"27":{"start":{"line":79,"column":4},"end":{"line":79,"column":null}},"28":{"start":{"line":82,"column":33},"end":{"line":98,"column":null}},"29":{"start":{"line":83,"column":17},"end":{"line":85,"column":null}},"30":{"start":{"line":87,"column":4},"end":{"line":89,"column":null}},"31":{"start":{"line":88,"column":9},"end":{"line":88,"column":null}},"32":{"start":{"line":91,"column":4},"end":{"line":93,"column":null}},"33":{"start":{"line":92,"column":8},"end":{"line":92,"column":null}},"34":{"start":{"line":95,"column":4},"end":{"line":97,"column":null}}},"fnMap":{"0":{"name":"(anonymous_0)","decl":{"start":{"line":13,"column":31},"end":{"line":13,"column":38}},"loc":{"start":{"line":13,"column":85},"end":{"line":23,"column":null}},"line":13},"1":{"name":"(anonymous_1)","decl":{"start":{"line":25,"column":30},"end":{"line":25,"column":37}},"loc":{"start":{"line":25,"column":124},"end":{"line":36,"column":null}},"line":25},"2":{"name":"(anonymous_2)","decl":{"start":{"line":38,"column":30},"end":{"line":38,"column":37}},"loc":{"start":{"line":38,"column":72},"end":{"line":52,"column":null}},"line":38},"3":{"name":"(anonymous_3)","decl":{"start":{"line":54,"column":33},"end":{"line":54,"column":40}},"loc":{"start":{"line":54,"column":126},"end":{"line":80,"column":null}},"line":54},"4":{"name":"(anonymous_4)","decl":{"start":{"line":82,"column":33},"end":{"line":82,"column":40}},"loc":{"start":{"line":82,"column":75},"end":{"line":98,"column":null}},"line":82}},"branchMap":{"0":{"loc":{"start":{"line":31,"column":20},"end":{"line":31,"column":null}},"type":"binary-expr","locations":[{"start":{"line":31,"column":20},"end":{"line":31,"column":29}},{"start":{"line":31,"column":29},"end":{"line":31,"column":null}}],"line":31},"1":{"loc":{"start":{"line":43,"column":4},"end":{"line":45,"column":null}},"type":"if","locations":[{"start":{"line":43,"column":4},"end":{"line":45,"column":null}},{"start":{},"end":{}}],"line":43},"2":{"loc":{"start":{"line":47,"column":4},"end":{"line":49,"column":null}},"type":"if","locations":[{"start":{"line":47,"column":4},"end":{"line":49,"column":null}},{"start":{},"end":{}}],"line":47},"3":{"loc":{"start":{"line":59,"column":4},"end":{"line":61,"column":null}},"type":"if","locations":[{"start":{"line":59,"column":4},"end":{"line":61,"column":null}},{"start":{},"end":{}}],"line":59},"4":{"loc":{"start":{"line":63,"column":4},"end":{"line":65,"column":null}},"type":"if","locations":[{"start":{"line":63,"column":4},"end":{"line":65,"column":null}},{"start":{},"end":{}}],"line":63},"5":{"loc":{"start":{"line":70,"column":4},"end":{"line":70,"column":null}},"type":"if","locations":[{"start":{"line":70,"column":4},"end":{"line":70,"column":null}},{"start":{},"end":{}}],"line":70},"6":{"loc":{"start":{"line":70,"column":8},"end":{"line":70,"column":79}},"type":"binary-expr","locations":[{"start":{"line":70,"column":8},"end":{"line":70,"column":32}},{"start":{"line":70,"column":32},"end":{"line":70,"column":55}},{"start":{"line":70,"column":55},"end":{"line":70,"column":79}}],"line":70},"7":{"loc":{"start":{"line":71,"column":4},"end":{"line":71,"column":null}},"type":"if","locations":[{"start":{"line":71,"column":4},"end":{"line":71,"column":null}},{"start":{},"end":{}}],"line":71},"8":{"loc":{"start":{"line":72,"column":4},"end":{"line":72,"column":null}},"type":"if","locations":[{"start":{"line":72,"column":4},"end":{"line":72,"column":null}},{"start":{},"end":{}}],"line":72},"9":{"loc":{"start":{"line":87,"column":4},"end":{"line":89,"column":null}},"type":"if","locations":[{"start":{"line":87,"column":4},"end":{"line":89,"column":null}},{"start":{},"end":{}}],"line":87},"10":{"loc":{"start":{"line":91,"column":4},"end":{"line":93,"column":null}},"type":"if","locations":[{"start":{"line":91,"column":4},"end":{"line":93,"column":null}},{"start":{},"end":{}}],"line":91}},"s":{"0":3,"1":2,"2":2,"3":3,"4":1,"5":1,"6":3,"7":3,"8":3,"9":1,"10":2,"11":1,"12":1,"13":3,"14":3,"15":3,"16":1,"17":2,"18":1,"19":1,"20":1,"21":1,"22":1,"23":1,"24":1,"25":1,"26":1,"27":1,"28":3,"29":3,"30":3,"31":1,"32":2,"33":1,"34":1},"f":{"0":2,"1":1,"2":3,"3":3,"4":3},"b":{"0":[1,0],"1":[1,2],"2":[1,1],"3":[1,2],"4":[1,1],"5":[1,0],"6":[1,1,1],"7":[1,0],"8":[1,0],"9":[1,2],"10":[1,1]},"meta":{"lastBranch":11,"lastFunction":5,"lastStatement":35,"seen":{"s:13:31:23:Infinity":0,"f:13:31:13:38":0,"s:14:18:20:Infinity":1,"s:22:4:22:Infinity":2,"s:25:30:36:Infinity":3,"f:25:30:25:37":1,"s:26:20:33:Infinity":4,"b:31:20:31:29:31:29:31:Infinity":0,"s:35:4:35:Infinity":5,"s:38:30:52:Infinity":6,"f:38:30:38:37":2,"s:39:17:41:Infinity":7,"b:43:4:45:Infinity:undefined:undefined:undefined:undefined":1,"s:43:4:45:Infinity":8,"s:44:8:44:Infinity":9,"b:47:4:49:Infinity:undefined:undefined:undefined:undefined":2,"s:47:4:49:Infinity":10,"s:48:8:48:Infinity":11,"s:51:4:51:Infinity":12,"s:54:33:80:Infinity":13,"f:54:33:54:40":3,"s:55:17:57:Infinity":14,"b:59:4:61:Infinity:undefined:undefined:undefined:undefined":3,"s:59:4:61:Infinity":15,"s:60:8:60:Infinity":16,"b:63:4:65:Infinity:undefined:undefined:undefined:undefined":4,"s:63:4:65:Infinity":17,"s:64:8:64:Infinity":18,"s:67:32:67:Infinity":19,"b:70:4:70:Infinity:undefined:undefined:undefined:undefined":5,"s:70:4:70:Infinity":20,"b:70:8:70:32:70:32:70:55:70:55:70:79":6,"s:70:79:70:Infinity":21,"b:71:4:71:Infinity:undefined:undefined:undefined:undefined":7,"s:71:4:71:Infinity":22,"s:71:29:71:Infinity":23,"b:72:4:72:Infinity:undefined:undefined:undefined:undefined":8,"s:72:4:72:Infinity":24,"s:72:35:72:Infinity":25,"s:74:24:77:Infinity":26,"s:79:4:79:Infinity":27,"s:82:33:98:Infinity":28,"f:82:33:82:40":4,"s:83:17:85:Infinity":29,"b:87:4:89:Infinity:undefined:undefined:undefined:undefined":9,"s:87:4:89:Infinity":30,"s:88:9:88:Infinity":31,"b:91:4:93:Infinity:undefined:undefined:undefined:undefined":10,"s:91:4:93:Infinity":32,"s:92:8:92:Infinity":33,"s:95:4:97:Infinity":34}}}
,"C:\\Users\\ossam\\Desktop\\ToDoList_Nadifi\\src\\services\\userService.ts": {"path":"C:\\Users\\ossam\\Desktop\\ToDoList_Nadifi\\src\\services\\userService.ts","statementMap":{"0":{"start":{"line":3,"column":30},"end":{"line":11,"column":null}},"1":{"start":{"line":4,"column":18},"end":{"line":8,"column":null}},"2":{"start":{"line":10,"column":4},"end":{"line":10,"column":null}}},"fnMap":{"0":{"name":"(anonymous_0)","decl":{"start":{"line":3,"column":30},"end":{"line":3,"column":37}},"loc":{"start":{"line":3,"column":56},"end":{"line":11,"column":null}},"line":3}},"branchMap":{},"s":{"0":3,"1":1,"2":1},"f":{"0":1},"b":{},"meta":{"lastBranch":0,"lastFunction":1,"lastStatement":3,"seen":{"s:3:30:11:Infinity":0,"f:3:30:3:37":0,"s:4:18:8:Infinity":1,"s:10:4:10:Infinity":2}}}
,"C:\\Users\\ossam\\Desktop\\ToDoList_Nadifi\\src\\tests\\setup.ts": {"path":"C:\\Users\\ossam\\Desktop\\ToDoList_Nadifi\\src\\tests\\setup.ts","statementMap":{"0":{"start":{"line":6,"column":0},"end":{"line":6,"column":null}},"1":{"start":{"line":13,"column":4},"end":{"line":13,"column":null}},"2":{"start":{"line":18,"column":4},"end":{"line":18,"column":null}},"3":{"start":{"line":22,"column":13},"end":{"line":29,"column":null}},"4":{"start":{"line":23,"column":18},"end":{"line":23,"column":null}},"5":{"start":{"line":24,"column":16},"end":{"line":26,"column":null}},"6":{"start":{"line":28,"column":2},"end":{"line":28,"column":null}}},"fnMap":{"0":{"name":"startDB","decl":{"start":{"line":8,"column":22},"end":{"line":8,"column":31}},"loc":{"start":{"line":8,"column":31},"end":{"line":10,"column":null}},"line":8},"1":{"name":"dropTasks","decl":{"start":{"line":12,"column":22},"end":{"line":12,"column":33}},"loc":{"start":{"line":12,"column":33},"end":{"line":14,"column":null}},"line":12},"2":{"name":"disconnectDB","decl":{"start":{"line":17,"column":22},"end":{"line":17,"column":36}},"loc":{"start":{"line":17,"column":36},"end":{"line":19,"column":null}},"line":17},"3":{"name":"(anonymous_3)","decl":{"start":{"line":22,"column":13},"end":{"line":22,"column":34}},"loc":{"start":{"line":22,"column":54},"end":{"line":29,"column":null}},"line":22}},"branchMap":{},"s":{"0":3,"1":19,"2":2,"3":3,"4":5,"5":5,"6":5},"f":{"0":0,"1":19,"2":2,"3":5},"b":{},"meta":{"lastBranch":0,"lastFunction":4,"lastStatement":7,"seen":{"s:6:0:6:Infinity":0,"f:8:22:8:31":0,"f:12:22:12:33":1,"s:13:4:13:Infinity":1,"f:17:22:17:36":2,"s:18:4:18:Infinity":2,"s:22:13:29:Infinity":3,"f:22:13:22:34":3,"s:23:18:23:Infinity":4,"s:24:16:26:Infinity":5,"s:28:2:28:Infinity":6}}}
,"C:\\Users\\ossam\\Desktop\\ToDoList_Nadifi\\src\\utils\\appError.ts": {"path":"C:\\Users\\ossam\\Desktop\\ToDoList_Nadifi\\src\\utils\\appError.ts","statementMap":{"0":{"start":{"line":3,"column":4},"end":{"line":3,"column":null}},"1":{"start":{"line":2,"column":21},"end":{"line":2,"column":38}},"2":{"start":{"line":2,"column":45},"end":{"line":2,"column":65}}},"fnMap":{"0":{"name":"(anonymous_0)","decl":{"start":{"line":2,"column":2},"end":{"line":2,"column":14}},"loc":{"start":{"line":2,"column":65},"end":{"line":4,"column":null}},"line":2}},"branchMap":{},"s":{"0":14,"1":14,"2":14},"f":{"0":14},"b":{},"meta":{"lastBranch":0,"lastFunction":1,"lastStatement":3,"seen":{"f:2:2:2:14":0,"s:3:4:3:Infinity":0,"s:2:21:2:38":1,"s:2:45:2:65":2}}}
,"C:\\Users\\ossam\\Desktop\\ToDoList_Nadifi\\src\\utils\\asyncHandler.ts": {"path":"C:\\Users\\ossam\\Desktop\\ToDoList_Nadifi\\src\\utils\\asyncHandler.ts","statementMap":{"0":{"start":{"line":3,"column":13},"end":{"line":7,"column":null}},"1":{"start":{"line":4,"column":3},"end":{"line":7,"column":null}},"2":{"start":{"line":6,"column":4},"end":{"line":6,"column":null}}},"fnMap":{"0":{"name":"(anonymous_0)","decl":{"start":{"line":3,"column":13},"end":{"line":3,"column":null}},"loc":{"start":{"line":4,"column":3},"end":{"line":7,"column":null}},"line":4},"1":{"name":"(anonymous_1)","decl":{"start":{"line":4,"column":3},"end":{"line":4,"column":null}},"loc":{"start":{"line":5,"column":55},"end":{"line":7,"column":null}},"line":5}},"branchMap":{},"s":{"0":3,"1":27,"2":38},"f":{"0":27,"1":38},"b":{},"meta":{"lastBranch":0,"lastFunction":2,"lastStatement":3,"seen":{"s:3:13:7:Infinity":0,"f:3:13:3:Infinity":0,"s:4:3:7:Infinity":1,"f:4:3:4:Infinity":1,"s:6:4:6:Infinity":2}}}
,"C:\\Users\\ossam\\Desktop\\ToDoList_Nadifi\\src\\validators\\authValidator.ts": {"path":"C:\\Users\\ossam\\Desktop\\ToDoList_Nadifi\\src\\validators\\authValidator.ts","statementMap":{"0":{"start":{"line":4,"column":23},"end":{"line":8,"column":null}},"1":{"start":{"line":11,"column":20},"end":{"line":14,"column":null}}},"fnMap":{},"branchMap":{},"s":{"0":3,"1":3},"f":{},"b":{},"meta":{"lastBranch":0,"lastFunction":0,"lastStatement":2,"seen":{"s:4:23:8:Infinity":0,"s:11:20:14:Infinity":1}}}
,"C:\\Users\\ossam\\Desktop\\ToDoList_Nadifi\\src\\validators\\taskValidator.ts": {"path":"C:\\Users\\ossam\\Desktop\\ToDoList_Nadifi\\src\\validators\\taskValidator.ts","statementMap":{"0":{"start":{"line":4,"column":19},"end":{"line":12,"column":null}},"1":{"start":{"line":8,"column":22},"end":{"line":10,"column":null}}},"fnMap":{"0":{"name":"(anonymous_0)","decl":{"start":{"line":8,"column":8},"end":{"line":8,"column":22}},"loc":{"start":{"line":8,"column":22},"end":{"line":10,"column":null}},"line":8}},"branchMap":{},"s":{"0":3,"1":1},"f":{"0":1},"b":{},"meta":{"lastBranch":0,"lastFunction":1,"lastStatement":2,"seen":{"s:4:19:12:Infinity":0,"f:8:8:8:22":0,"s:8:22:10:Infinity":1}}}
}
